

--- AUDIT AT 2026-04-07T15:49:51.736Z ---
# Expert Panel 심사 결과

## 포스트 심사

**Roy Lee (바이럴 심사관): 88/100**
- 50% 혐오 테스트: 23점 (관계 초반 남/녀 모두 공감하되, 통제욕 강한 사람에게 거슬릴 수 있음)
- 공유 유발 요소: 24점 (저장/댓글 욕구 강함. "호감과 위험은 종이 한 장" 공유 가능)
- 브랜드 DNA 일치: 22점 (연애 조언이 정체성이나 전문성 언급 없어 약함)
- 훅의 강도: 22점 (숫자 "3가지"는 좋으나 "반드시 조심"은 예측 가능한 시작)
- **감점:** 마지막 "호감과 위험은 종이 한 장 차이"가 명언처럼 들려 -3점 (약간의 예측 가능성)

---

**타깃 유저 (독자 심사관): 87/100**
- "내 얘기인가?": 24점 (초기 연애 중인 2030 타깃에게 강하게 와닿음)
- 저장하고 싶은가: 23점 (실질적 체크리스트 가치는 있으나, 깊이 있는 통찰력 부족)
- 댓글 달고 싶은가: 24점 (충분히 의견 개진 욕구 유발)
- 읽기 편한가: 24점 (길이 7줄, 번호 매김, 가독성 좋


--- AUDIT AT 2026-04-07T15:49:52.555Z ---
# Expert Panel — 심사 결과

## Roy Lee (바이럴 심사관)

**채점:**
- 50% 혐오 테스트: 23/25 (점쟁이 신뢰자 vs 회의론자의 갈등 구도 명확하나, 강도가 중간)
- 공유 유발 요소: 24/25 (자신의 입장 표명 욕구 + 저장 가치 높음)
- 논란 각도 × 브랜드 일치: 22/25 (자기결정권 메시지는 명확하나 브랜드 보이스가 중립적으로 느껴짐)
- 훅의 즉각성: 24/25 (첫 문장 "비용 10만원, 예약 2주" 구체적 수치로 강함)

**감점:** -2점 (예측 가능한 결말 구조: 문제 제시 → 해결책 제시 → 깨달음)

**Roy Lee 점수: 91/100**

---

## 타깃 유저 (독자 심사관)

**채점:**
- "내 얘기인가?": 25/25 (점술 경험자, AI 서비스 이용자, 의사결정 고민층 정확히 타겟)
- 저장하고 싶은가?: 24/25 (명언성 있으나 정보 밀도는 중간)
- 댓글 달고 싶은가?: 25/25 (마지막 질문 "넌 지금 어느 단계에 있어?"가 강한 참여 유도)
- 읽기 편한가?: 25/25 (7줄, 


--- AUDIT AT 2026-04-07T15:50:02.320Z ---
# Expert Panel 심사 결과

## Roy Lee (바이럴 심사관)

| 항목 | 배점 | 채점 | 비고 |
|------|------|------|------|
| 50% 혐오 테스트 | 25 | 23 | 점술 업계/무료 운세 신뢰성 폄하로 일부 반감 가능성 있음 |
| 공유 유발 요소 | 25 | 24 | "너 지금 뭐하고 있어?" 강한 자책 유발, 저장/댓글 욕구 높음 |
| 논란 각도 × 브랜드 DNA | 25 | 22 | AI의 우월성 주장은 선명하지만, 브랜드 정체성이 불명확 |
| 훅의 즉각성 | 25 | 24 | "10만원 쓰는 것도 답답한데"로 시작하는 공감+반전 구조 우수 |
| **감점** | - | -8 | 모두를 위한 메시지 느낌 없음(좋음), 하지만 예측 가능한 결말(-8) |

**Roy Lee 점수: 85/100**

---

## 타깃 유저 (독자 심사관)

| 항목 | 배점 | 채점 | 비고 |
|------|------|------|------|
| "내 얘기인가?" | 25 | 24 | 운세 찾아본 경험 있는 사람에게 정확히 꽂힘, 자책 감정 건드림 |
| 저장하고 싶은가? | 25 | 18 | 


--- AUDIT AT 2026-04-07T15:50:03.759Z ---
# Expert Panel 심사 결과

## Roy Lee (바이럴 심사관)

**채점 항목별 분석:**
- 50% 혐오 테스트 통과? (25점) → **24점**: 연애 초반 남녀 모두에게 공감대 형성. 다만 "치료실이야"는 다소 자조적이지만 반발 각도가 명확함
- 공유 유발 요소 있음? (25점) → **25점**: "주변에 연애 초반인 친구 있으면 공유해줘" 직접 호출 + 댓글 달고싶은 충동(첫댓글이 증명)
- 논란 각도가 브랜드 DNA와 일치? (25점) → **24점**: 냉정한 관찰자 톤 유지. 다만 브랜드 보이스 기준이 명확하지 않아 소폭 감점
- 훅이 스크롤을 멈추게 하는가? (25점) → **23점**: "반드시 조심해야 할 3가지"는 예측 가능한 리스트형. 첫 문장 자체는 강하지만 공식적 구조

**감점 적용:**
- 브랜드 직접 언급 없음 (+0)
- 예측 가능한 결말 없음 (+0)
- "모두를 위한" 톤 없음 (+0)

**Roy Lee: 96/100**

---

## 타깃 유저 (독자 심사관)

**채점 항목별 분석:**
- "내 얘기인가?" (25점) → **25점**: 연애 초반의 구체적 


--- AUDIT AT 2026-04-07T15:50:12.310Z ---
# Expert Panel 채점 결과

## Roy Lee (바이럴 심사관): 78/100

**항목별 채점:**
- 50% 혐오 테스트 통과: 18/25 (점집 비판은 좋지만, AI 찬양이 너무 노골적)
- 공유 유발 요소: 22/25 (댓글에서 "정확도가 무섭더라"로 호기심 유발 ○)
- 논란 각도 vs 브랜드 일치: 20/25 (논쟁적이지만 신비로운 이미지와 충돌)
- 훅의 강도: 18/25 (첫 문장은 강하지만 "솔직히"가 필러, "그런데 말이야" 약함)

**감점 항목:**
- "~해야 해"식 마무리: -5점 (대신 강렬한 질문으로 끝남 ○)
- AI 직접 광고 느낌: -2점 (제품명은 없으나 AI 예찬이 강함)

---

## 타깃 유저 (독자 심사관): 72/100

**항목별 채점:**
- "내 얘기인가?": 16/25 (점집 경험자한테만 해당, 범위가 좁음)
- 저장하고 싶은가?: 14/25 (인사이트보다 마케팅 톤, 실제 방법론 없음)
- 댓글 달고 싶은가?: 20/25 (마지막 질문 "넌 지금까지 뭘로 결정하고 있었어?"가 강함)
- 읽기 


--- AUDIT AT 2026-04-07T15:50:15.770Z ---
# Expert Panel 채점 결과

## Roy Lee (바이럴 심사관)
**점수: 72/100**

- 50% 혐오 테스트: 18점 (연애초기 심리를 건드리지만, "모두에게 도움되는" 교훈 톤으로 논란성 약함)
- 공유 유발 요소: 20점 (저장/공유 동기는 있으나, 강한 감정 유발 부족)
- 브랜드 DNA 일치: 18점 (브랜드 보이스 일관성은 있으나 직접 언급은 없음)
- 훅의 강도: 16점 (제목은 평범한 리스트클릭형, 첫 문장이 즉각적 반응 못 유발)

**감점 사유:** 
- "모두를 위한" 조언 톤 (-20점): 구체적 각도(예: "설렘에 빠진 사람들이 후회하는 이유")로 재구성 필요

---

## 타깃 유저 (독자 심사관)
**점수: 78/100**

- "내 얘기인가?": 22점 (연애초기 단계라는 광범위한 범위, 더 구체적 상황 필요)
- 저장하고 싶은가?: 19점 (심리 인사이트는 있으나, 실제 액션 아이템 부족)
- 댓글 달고 싶은가?: 20점 (첫 댓글처럼 공감과 사례 나눔 가능성은 있음)
- 읽기 편한가?: 17점 (7줄로


--- AUDIT AT 2026-04-07T15:50:25.196Z ---
# 📋 Expert Panel — 최종 심사 결과

---

## Roy Lee (바이럴 심사관)

| 채점 항목 | 점수 | 사유 |
|---------|------|------|
| 50% 혐오 테스트 통과 | 18/25 | 점술 신뢰도에 대한 의문은 유발하나, "명확한 분열각"이 약함. 다수가 불편해하는 수준이 아님 |
| 공유 유발 요소 | 16/25 | 댓글 유발("너 생각엔?")은 있으나, 저장/공유 욕구는 약함. 일회성 반응 |
| 논란 각도 ↔ 브랜드 DNA | 12/25 | **감점: -30점(광고 느낌)** — "AI 기반 운세 앱"의 직접적 제품 언급이 홍보성으로 느껴짐. 중립적 관찰이 아님 |
| 훅의 스크롤 정지력 | 15/25 | 첫 문장 "기존 점집은 비싸잖아"는 약한 훅. "왜 비싼지", "얼마나 비싼지" 구체성 부족 |
| **소계** | **61/100** | ❌ 심각한 미달 |

**Roy Lee 평가:** 광고 냄새 제거 필수. 브랜드 직접 언급 제거 후 "운세 산업의 진화" 관점으로 재구성.

---

## 타깃 유저 (독자 심사관)

| 채점 항목 |


--- AUDIT AT 2026-04-07T15:50:28.213Z ---
# 【심사 결과 요약】
**평균 점수: 78점**
**합격 여부: FAIL**

---

## 상세 심사

### Roy Lee (바이럴 심사관): 72/100

**배점 분석:**
- 50% 혐오 테스트 통과 (25점): **18점** — 운명결정론 vs 자유의지 논쟁은 있지만, "반박시 니 말이 맞음"이 너무 약하게 마무리됨. 논란 강도 부족.
- 공유 유발 요소 (25점): **20점** — "역설적이지만"은 호기심 유발하나, 댓글/공유 충동은 중간 수준. 첫 댓글이 호응하긴 함.
- 논란 각도와 브랜드 DNA 일치 (25점): **17점** — 운명 긍정이라는 명확한 각도는 있으나, 너무 교과서적. 개인 목소리 약함.
- 훅 강도 (25점): **17점** — "운명은 정해져 있다는 생각이 너를 더 자유롭게 만들어"는 좋은 역설이지만, 첫 1초 시각적 충격 부족.

**감점:**
- "중요한" 표현 미사용으로 감점 없음
- 광고성 없음
- 다만 결말이 너무 예측 가능 (-10점)

---

### 타깃 유저 (독자 심사관): 76/100

**배점 분석:**
- "내 얘기인가?" (25점): **19점** — 운세/사주 관심층에겐 적중하나, 일반 타깃에겐 추상적. "이미 정해진 거라면 후회 따위"라는 구체적 공감점은 있지만 너무 짧음.
- 저장하고 싶은가? (25점): **18점** — 심리 인사이트로는 나쁘지 않으나, 실질적 가이드(어떻게 운명을 읽는지, 왜 더 빠른 결정이 좋은지) 부족.
- 댓글 달고 싶은가? (25점): **21점** — "반박시 니 말이 맞음"이 댓글 유도 시도이지만, 첫 댓글처럼 "근데 모순이네" 수준의 반응만 유발.
- 읽기 편한가? (25점): **18점** — 줄바꿈 적절하나, 문단이 2개뿐. 리듬감 약함. 6-12줄 범위 내지만 중간 정도.

**감점:**
- 너무 광범위한 메시지 (-5점): "모든 사람"이라는 느낌은 아니나, "운세 보는 사람" vs "안 보는 사람" 구분만 있음.

---

### 편집장 (품질 심사관): 84/100

**배점 분석:**

**AI Slop 24패턴 체크:**
- 패턴 2번 위반: **"사람들이" (근거 없는 귀속)** — "사주나 운세를 읽는 사람들이 더 빨리 결정을 내려"의


--- AUDIT AT 2026-04-07T15:50:28.279Z ---
# Expert Panel 채점 결과

## Roy Lee (바이럴 심사관)

**50% 혐오 테스트 통과**: 22/25
- 운명론을 믿는 사람들을 암묵적으로 '착각하는 사람'으로 분류 → 일부 독자 불편감 유발 ✓
- 다만 "반드시 조심"이라는 표현이 강압적이어서 반감 여지 있음

**공유 유발 요소**: 24/25
- "저장해두고 주변에 공유해줘" 직접 요청 → 공유 동기 강함
- 연애 초반자들의 저장 욕구 높음

**논란 각도 vs 브랜드 DNA**: 20/25
- 브랜드가 명확하지 않아 일관성 판단 어려움
- "운명은 노력을 바탕으로" = 합리주의자 톤은 일관적

**훅의 강도**: 23/25
- 제목이 구체적 숫자(3가지)로 호기심 자극
- "반드시 조심"의 경고 톤이 스크롤 정지 유발

**감점 항목 확인**:
- "모두를 위한" 느낌: 없음 (연애 초반자에 특화) → 감점 없음
- 브랜드 직접 언급: 없음 → 감점 없음
- 예측 가능한 결말: "감정과 현실의 균형" = 다소 뻔함 → -5점

**Roy Lee 점수: 89/100**

---

## 타깃 유저 (독자


--- AUDIT AT 2026-04-07T15:50:30.116Z ---
# 【심사 결과 요약】
**평균 점수: 72점**
**합격 여부: FAIL**

---

## 상세 심사 내용

### Roy Lee (바이럴 심사관): 68/100

**세부 채점:**
- 50% 혐오 테스트: 20/25 (A vs B 이분법이 명확하나, 충분히 날카로운 분열 각도는 약함)
- 공유 유발 요소: 18/25 (댓글 달고 싶은 구조는 있으나, 저장/공유까지 가는 임팩트 부족)
- 논란 각도 vs 브랜드 일치: 15/25 (관계심리 콘텐츠로서는 자연스럽지만, "진짜 차이는" 이후 결론이 예측 가능함 -15점)
- 훅의 강도: 15/25 (질문형 시작은 흔하고, 첫 2줄이 스크롤 정지 수준은 아님)

**감점 사유:**
- 예측 가능한 결말: -15점 ("A는 지금, B는 2달 뒤에 후회" = 이미 본 구조)

---

### 타깃 유저 (독자 심사관): 75/100

**세부 채점:**
- "내 얘기인가?": 20/25 (연애 고민이 구체적이고 타깃층 감정 건드림. 다만 A/B 분류가 너무 극단적이라 "나는 이도 저도 아닌데?" 느낌이 생김)
- 저장하고 싶은가?: 18/25 (심리 테스트 유형은 저장 가치 있으나, 실제 조언/인사이트는 약함)
- 댓글 달고 싶은가?: 20/25 (질문형 종결이 댓글을 유도함. 첫 댓글이 이를 입증)
- 읽기 편한가?: 17/25 (줄바꿈 구성은 좋으나, A/B 각 4줄씩은 약간 길고, 마지막 문장이 장황함 -3점)

**감점 사유:**
- 너무 양극단 설정으로 "나는?" 혼란 유도: -2점

---

### 편집장 (품질 심사관): 73/100

**세부 채점:**
- AI Slop 패턴: 22/25
  - 검출된 패턴:
    - **패턴 #4 (홍보성 어휘)**: "진짜 차이는 여기야" = 과장된 중요성 (-2점)
    - **패턴 #22 (과도한 헤징)**: "~겠네", "~인 것 같아" = "저 사람 이럴 성향이겠네" (-1점)

- 자연스러운 한국어 문체: 20/25 (전반적으로 자연스럽지만, "타이르는 게" 표현이 어색. 표준어는 "터진다"/"터져나온다"이고, "타이르다"는 비표준. 그리고 "뭘 해야 할지 못 정하는" = 구어체는 좋으나 "뭘"이 반복됨 


--- AUDIT AT 2026-04-07T15:50:37.511Z ---
# Expert Panel 심사 결과

## 본문 채점

**Roy Lee (바이럴 심사관): 78/100**
- 50% 혐오 테스트 통과: 22/25 (점집/유튜브 심리테스트 사용자를 약간 깎아내는 톤이지만 약함)
- 공유 유발 요소: 24/25 (AI vs 기존 방식 비교에서 댓글/논쟁 유발 강함)
- 논란 각도와 브랜드 DNA 일치: 20/25 (AI 마케팅 브랜드라면 자사 도구 직접 언급하는 느낌 → -5)
- 훅의 스크롤 정지력: 12/25 (첫 문장은 좋지만 "AI 기반 분석이 이 둘을 다 압살한다"에서 너무 직진적, 예측 가능한 결말 → -13)

**감점:** 브랜드 홍보색 -8점

---

**타깃 유저 (독자 심사관): 81/100**
- "내 얘기인가?": 23/25 (점집/유튜브 심리테스트 경험자 특정 但 너무 광범위함)
- 저장하고 싶은가?: 20/25 (정보보다 의견 글이라 재사용성 낮음)
- 댓글 달고 싶은가?: 24/25 (마지막 질문이 좋지만 반발 여지 적음)
- 읽기 편한가?: 20/25 (줄바꿈 적절, 길이 적정 但 "진


--- AUDIT AT 2026-04-07T15:50:39.724Z ---
# Expert Panel 심사 결과

## 포스트 심사

**Roy Lee (바이럴 심사관):** 72/100
- 훅 강도 (25점): 18점 | 제목은 관심 유발하지만 첫 문장이 약함
- 공유 유발 (25점): 16점 | 저장 가치는 있으나 댓글/논쟁 유발력 약함
- 논란 각도 일치 (25점): 19점 | 운세/점성술 주제인데 실용성 강조로 모호함
- 스크롤 멈춤 (25점): 19점 | 3가지 리스트는 예측 가능한 구조 (-15점)

**감점 사항:** 운명론 vs 실천론의 모호한 입장 (브랜드 DNA 불명확), 예측 가능한 결말 구조

---

**타깃 유저 (독자 심사관):** 75/100
- "내 얘기인가?" (25점): 18점 | 연애 고민이 구체적이지 않음 (너무 광범위)
- 저장 가치 (25점): 20점 | 실무적 조언이라 나중에 참고할 만함
- 댓글 욕구 (25점): 17점 | "3가지" 구조는 댓글보다 그냥 읽고 넘어감
- 가독성 (25점): 20점 | 6-12줄 범위 충족, 줄바꿈 적절

**감점 사항:** 타깃이 불분명 (점을 믿는 사람? 회의적인 사람?)해서


--- AUDIT AT 2026-04-07T15:50:44.020Z ---
# 심사 결과 요약
**평균 점수: 78점**
**합격 여부: FAIL**

---

## 상세 심사

### Roy Lee (바이럴 심사관): 72/100

**채점 내역:**
- 50% 혐오 테스트 통과 (25점): **18점** 
  - "운명은 정해져 있다"는 기존 신념을 깨는 각도는 있으나, 대다수가 동의할 만한 주장이라 논쟁성 약함
  
- 공유 유발 요소 (25점): **20점**
  - 저장성: 인생 철학으로 재방문 가치 있음 (+)
  - 댓글성: 운명론 vs 선택론 토론 가능하나 자극이 약함
  
- 논란 각도와 브랜드 DNA 일치 (25점): **17점**
  - 브랜드 보이스가 불명확함 (개인 철학? 상담가? 작가?)
  - 훅이 약해 "누구의 말인가" 신뢰도 낮음
  
- 훅의 강도 (25점): **17점**
  - "사실 '운명은 정해져 있다'는 거 완전 틀렸어" — 예측 가능한 철학 입문 구조
  - 스크롤 중단 임팩트 부족

**감점:**
- 예측 가능한 결말 구조 (-15점): "현명한 선택지를 찾는 거다" 는 너무 뻔한 마무리
- 공식 미흡 (-10점): contrarian 또는 warning 공식의 명확한 구조가 약함

---

### 타깃 유저 (독자 심사관): 76/100

**채점 내역:**
- "내 얘기인가?" (25점): **19점**
  - "넌 자기 선택지가 뭔지도 모를 때가 많아" — 구체적 상황이 부족
  - 20대? 30대? 직장인? 구직자? 구체 대상 불명확
  
- 저장하고 싶은가? (25점): **19점**
  - 인생 조언으로는 가치 있으나, 실행 팁이 없어 나중에 다시 볼 동기 약함
  - "남은 카드를 잘 쓸 수 있어" — 구체 방법론 없음
  
- 댓글 달고 싶은가? (25점): **18점**
  - 첫 댓글이 추가 인사이트(지난 선택의 제약)를 더하긴 하나, 본문이 이를 선제하지 못함
  - "공감" 반응은 유도하나 "반박/토론" 충동 약함
  
- 읽기 편한가? (25점): **20점**
  - 7줄 적정 길이 (+)
  - 단락 구분 명확 (+)
  - 그러나 문장이 길어질 여지 있음

**감점:**
- 타깃층 모호성 (-8점): "넌" 대상이 너무 광범위해 누구도 "내 얘기"라 느낄 구체성 부족

---

### 편집장 (품질


--- AUDIT AT 2026-04-07T15:50:45.909Z ---
# 심사 결과 요약
**평균 점수: 76점**
**합격 여부: FAIL**

---

## 상세 심사 내용

### Roy Lee (바이럴 심사관): 72/100

**채점 내역:**
- 50% 혐오 테스트 통과 (25점): **20점** 
  - A vs B 타입 구분이 약한 논란 각도. 대부분 공감만 할 뿐, 강한 반박/지지 분열이 없음
- 공유 유발 요소 (25점): **22점**
  - "넌 어느 쪽?"이 댓글 유도는 하지만, 저장/공유 욕구는 약함
- 논란 각도 ↔ 브랜드 일치 (25점): **18점**
  - 연애 고민 카테고리로는 맞지만, 브랜드 DNA가 모호함 (선택장애 프레이밍이 애매함)
- 훅 강도 (25점): **12점**
  - "너 요새 선택 장애 있지?"는 약한 훅. 스크롤 정지력 부족
  
**감점:**
- "모두를 위한" 메시지 느낌 (-5점): "둘 다 사랑인데"가 중립적이라 임팩트 약화

---

### 타깃 유저 (독자 심사관): 74/100

**채점 내역:**
- "내 얘기인가?" (25점): **20점**
  - 연애 고민 있는 사람은 공감하지만, A/B 분류가 너무 단순. 실제 감정의 무게감이 덜함
- 저장하고 싶은가? (25점): **18점**
  - 깊이 있는 인사이트나 실용 정보 없음. 가치 있는 내용이 부족
- 댓글 달고 싶은가? (25점): **22점**
  - "너는 어느 쪽?"이 의견 제시 유도는 하나, 토론성 약함
- 읽기 편한가? (25점): **14점**
  - 길이는 적당하나, A/B 타입 설명이 길고 단조로움. 가독성 개선 필요 (불릿 구조가 기계적)

---

### 편집장 (품질 심사관): 82/100

**채점 내역:**
- AI slop 24패턴 체크 (25점): **22점**
  - **적발된 패턴:**
    - **패턴 7 (AI 어휘 군집)**: "예측 가능하고 일관된" (2개 형용사), "흥미진진하게 즐김"
    - **패턴 11 (유의어 순환)**: "심장 철렁거리는 그 순간 = 첫눈에 반해" (중복)
    - **패턴 15 (인라인 헤더 목록)**: "A타입: ~", "B타입: ~" 구조가 너무 기계적
  - 치명적 AI slop은 없으나 패턴이 여럿

- 자연스러운 한국어 문체 (25점): **21점**
  - "심장 철렁거리는", "예측 불가능한"은 구어체이


--- AUDIT AT 2026-04-07T15:50:51.583Z ---
# Expert Panel — 채점 결과

## 포스트 심사

### Roy Lee (바이럴 심사관): 88/100

**항목별 점수:**
- 50% 혐오 테스트: 23/25 (점술/운명론에 대한 냉소적 관점이 명확하나, 일부는 공감할 여지 있음)
- 공유 유발 요소: 24/25 (댓글과 공유 욕구 강함. 마지막 줄의 강한 주장이 반박 욕구 유발)
- 논란 각도 일치성: 22/25 (브랜드 보이스가 "냉철한 비판"인데, 다소 일반적인 자기계발 비판으로 느껴짐)
- 훅의 스크롤 정지력: 23/25 (점집 상황의 구체성이 강함. 다만 "막막함"은 조금 예측 가능)

**감점 이유:** 예측 가능한 결말 구조 (-12점) — "니 운명은 니가 만든다" 클리셰

---

### 타깃 유저 (독자 심사관): 86/100

**항목별 점수:**
- "내 얘기인가?": 22/25 (점술 경험자에게는 매우 구체적이나, 전체 타깃층 대비 범위 다소 좁음)
- 저장하고 싶은가: 21/25 (감정적 공감은 높으나, 재사용할 인사이트나 정보 가치 약함)
- 댓글 달고 싶은가: 23/25 (강


--- AUDIT AT 2026-04-07T15:51:02.250Z ---
# Expert Panel — 포스트 품질 심사 결과

## 【본문 심사】

**Roy Lee (바이럴 심사관): 78/100**
- 혐오 테스트 통과 (50% 누군가는 반감): 23/25 — 점집 방문자들은 불편할 수 있음
- 공유 유발 요소: 24/25 — "또 가" 반복이 강렬한 공감과 웃음 유발
- 논란 각도의 브랜드 DNA 일치: 20/25 — 직설적이지만 조금 순화된 느낌
- 훅의 스크롤 멈춤: 22/25 — 첫 문장이 강하나 "점집 다녀온 언니들" 표현이 너무 특정 그룹 한정적

**감점:** 
- 브랜드 직접 언급 없음 (+0)
- 예측 가능한 구조 (후회→반복→깨달음): -11점

---

**타깃 유저 (독자 심사관): 85/100**
- "내 얘기인가?": 24/25 — 20대 여성 직격이지만 남성/나이 많은 여성은 거리감
- 저장 욕구: 21/25 — 재미있지만 실질적 정보 가치는 약함
- 댓글 달고 싶은가: 23/25 — 공감과 경험 공유 욕구 높음
- 읽기 편한가: 22/25 — 길이 적절(8줄)하나 문장 호흡이 때때로 길어서 한 번에 


--- AUDIT AT 2026-04-07T15:51:02.281Z ---
# 【심사 결과 요약】
**평균 점수: 78점**
**합격 여부: FAIL**

---

## 상세 심사 내용

### Roy Lee (바이럴 심사관): 72/100

**채점 결과:**
- 50% 혐오 테스트 통과 (25점): **20점** — A타입 vs B타입 구분이 있지만, "불안형은 약하고 독립형은 강하다"는 암묵적 위계가 있어서 A타입 사람들에게 약간의 자조감 유발. 그러나 약함.
- 공유 유발 요소 (25점): **22점** — "넌 어느 쪽이야?"는 강한 공유 요소지만, 댓글 투표를 첫 댓글에서 너무 빨리 제시해서 임팩트 약화.
- 논란 각도 vs 브랜드 일치 (25점): **18점** — 성격 유형 분류는 논란이 될 수 있지만 너무 보편적이고 예측 가능한 틀. 브랜드 보이스가 뭔지 불명확.
- 훅 강도 (25점): **12점** — "자기 전 침대에서 스르륵 재검색하는 너"는 나쁜 훅이 아니지만, 첫 문장만으로는 **스크롤 정지력 약함**. "밤 2시 고민" 반복은 뒤늦은 재강조.

**감점:**
- 예측 가능한 결말 구조: -15점 (A vs B 성격 유형학은 너무 클리셰)

---

### 타깃 유저 (독자 심사관): 75/100

**채점 결과:**
- "내 얘기인가?" (25점): **23점** — 20대 중후반 연애/일 고민 있는 사람에겐 매우 구체적(밤중 재검색, 눈치 봄). 다만 너무 광범위한 감정 범주.
- 저장하고 싶은가? (25점): **18점** — 인사이트나 액션 아이템 없음. "둘 다 장단점 있지만"이라는 중립 결론은 저장할 가치 낮음. 자기 성향 진단용으로만 가치.
- 댓글 달고 싶은가? (25점): **20점** — 투표 형식이므로 댓글 유도는 강함. 그러나 깊이 있는 댓글(의견)을 달기보다는 "A" "B"만 남길 가능성.
- 읽기 편한가? (25점): **14점** — 총 9줄(포함 댓글 10줄). 길이는 적절하지만, **6줄 미만 경계선에 너무 가까움**. 각 타입 설명이 기계적 불릿 나열 느낌.

**감점:**
- 너무 광범위한 타깃 설정: -5점 (구체적 상황/감정의 깊이 부족)
- 실제 액션이나 인사이트 부재: 자동으로 반영됨

---

### 편집장 (품질 심사관): 87/100

**


--- AUDIT AT 2026-04-07T15:51:04.074Z ---
# 심사 결과 요약
**평균 점수: 62점**
**합격 여부: FAIL**

---

## 상세 심사

### Roy Lee (바이럴 심사관): 55/100

**세부 점수:**
- 50% 혐오 테스트 통과 (25점): **18/25** 
  - 사주 믿는 사람 vs 안 믿는 사람의 이분법이 있으나, "운이 떨어진다"는 표현이 너무 직설적이고 조롱에 가까워 혐오보다는 비아냥으로 느껴짐. 반감은 충분하지만 논쟁성이 약함.

- 공유 유발 요소 (25점): **16/25**
  - 댓글 유발 가능성은 높음 ("반박시 니 말이 맞는데, 반박할 준비는?" 부분). 하지만 저장/북마크할 실용적 가치는 낮음. 공유는 논쟁 유발용 정도.

- 논란 각도와 브랜드 DNA 일치 (25점): **14/25**
  - 브랜드 보이스가 명확하지 않음. 첫 댓글이 "패턴 인식"으로 수정하려는 움직임이 보이는데, 포스트 본문은 사주의 신비성을 팔려는 건지, 심리학적 패턴을 팔려는 건지 불분명. 일관성 부족.
  - 감점 적용: **-10점** (브랜드 직접 언급은 없지만, 주장이 이중적이어서 신뢰도 하락)

- 훅의 스크롤 중단 능력 (25점): **12/25**
  - "사주 못 믿는 놈들이 더 운이 떨어진다고?" — 자극적이지만 지루함. 요즘 스레드 오디언스는 이 수준의 훅을 이미 수천 번 봤음. 더 구체적인 반전이 필요.

**Roy Lee 최종: 55/100**

---

### 타깃 유저 (독자 심사관): 58/100

**세부 점수:**
- "내 얘기인가?" (25점): **12/25**
  - "사주 안 믿는 사람"으로 범주화했지만, 구체적 상황이 거의 없음. "연애도 취업도"는 너무 광범위. 누구의 얘기인지 불명확. 타깃이 20대 직장인인지, 창업가인지, 학생인지 알 수 없음.

- 저장하고 싶은가? (25점): **14/25**
  - 실행 가능한 인사이트가 없음. 사주를 어떻게 읽어야 하는지, 실제로 어떤 "패턴 변화"가 일어나는지 구체적 사례 없음. 저장할 가치 낮음.

- 댓글 달고 싶은가? (25점): **20/25**
  - "반박시 니 말이 맞는데, 반박할 준비는?"는 강한 댓글 유발 요소. 이건 잘함.

- 읽기 편한


--- AUDIT AT 2026-04-07T15:51:13.817Z ---
# Expert Panel 채점 결과

## 본문 심사

**Roy Lee (바이럴 심사관): 88/100**
- 혐오 테스트 통과: 23점 (점집 전통 vs 디지털 신봉자 간 온건한 대립각)
- 공유 유발 요소: 24점 (공감 + 웃음 유발, 댓글 욕구 높음)
- 논란 각도 브랜드 일치: 22점 (브랜드 DNA 분명하나 약간 예측 가능)
- 훅 강도: 23점 (첫 문장은 강하나 "그리고 10만원"부터 약화)

**감점: -2점** (브랜드 직접 언급은 없으나, 결말이 다소 예측 가능)

---

**타깃 유저 (독자 심사관): 86/100**
- "내 얘기인가?": 24점 (20대 디지털 네이티브의 구체적 상황 건드림)
- 저장 욕구: 21점 (인사이트는 있으나 재참조 가치 약함)
- 댓글 욕구: 24점 (의견 제시 충동 강함)
- 가독성: 23점 (6줄 적절, 단락 구분 명확)

**감점: -4점** (타깃층이 "10만원" 구체성에 공감하지만, 정보 저장성이 낮음)

---

**편집장 (품질 심사관): 84/100**
- AI slop 패턴 검사: 23점
  - 위반 감지:
    - 


--- AUDIT AT 2026-04-07T15:51:24.889Z ---
# Expert Panel 심사 결과

## 본문 심사

**Roy Lee: 78/100**
- 혐오 테스트 통과 (50% 싫어할 각도): 23점 (점집 비판이지만 모호함)
- 공유 유발 요소: 24점 (공감과 댓글 욕구 강함)
- 논란 각도 vs 브랜드 DNA: 18점 (일관성 있지만 직접적 브랜드 언급은 없음)
- 훅의 스크롤 정지력: 22점 (구체적 상황이 좋으나 신선도 떨어짐)
- **감점:** -10점 (예측 가능한 "누군가 봐줬으면" 결말)

**타깃 유저: 82/100**
- "내 얘기인가?": 24점 (20-30대 여성의 심리 정확히 포착)
- 저장 가치: 22점 (감정적 통찰은 있으나 실제 활용 정보 부족)
- 댓글 욕구: 24점 (의견 표명 충동 강함)
- 가독성: 24점 (길이와 줄바꿈 적절)

**편집장: 74/100**
- AI slop 패턴: 20점 (감지 항목: #1 과장된 중요성 부여 약함, #21 필러 표현 "근데" 반복)
- 자연스러운 한국어: 23점 (구어체 잘 살았으나 다소 어색한 흐름)
- 브랜드 금지 표현: 25점 (위반 


--- AUDIT AT 2026-04-07T15:51:35.571Z ---
# Expert Panel 심사 결과

## 포스트 채점

**Roy Lee (바이럴 심사관):** 82/100
- 혐오 테스트 통과 (50% 싫어할 각도): 23점 | 점쟁이 비판이라 신앙심 깊은 사람 반발 가능
- 공유 유발 요소: 24점 | "버스 기다리는데 웃긴 일화 + 깨달음" 댓글 유발력 강함
- 논란 각도와 브랜드 DNA 일치: 20점 | 포스트 브랜드가 없어서 기준 애매함, 개인 에세이치 스타일
- 훅의 스크롤 정지력: 15점 | "점쟁이가 '넌 기다림이 많아'라고 했어" ← 나쁘지 않으나, 내용이 예측 가능한 결말(-15점)로 평가함

**타깃 유저 (독자 심사관):** 87/100
- "내 얘기인가?": 24점 | 20대 직장인/학생의 무언가를 빠르게 해결하고 싶은 마음에 정확히 닿음
- 저장하고 싶은가?: 22점 | "전문가 찾는 심리 → 사실 답 빨리 원하는 욕망" 인사이트는 재방문 가치 있으나, 정보 깊이는 얕음
- 댓글 달고 싶은가?: 21점 | 공감과 웃음이 있지만, 의견 대립 소지 부족 (


--- AUDIT AT 2026-04-07T15:51:39.652Z ---
# 심사 결과 요약
**평균 점수: 72점**
**합격 여부: FAIL**

---

## 상세 심사 내용

### Roy Lee (바이럴 심사관): 65/100

**세부 채점:**
- 50% 혐오 테스트 통과 (25점): **18점** — 운명/점집 소재는 분명 찬반이 갈리지만, 자조적 톤이라 반발이 약함
- 공유 유발 요소 (25점): **18점** — "3개 다 있냐" 자가진단은 흥미롭지만 공유보다 자기성찰 수준
- 논란 각도와 브랜드 DNA 일치 (25점): **15점** — "운명 비판 + 자책 비판" 각도는 있으나, 추상적이라 브랜드 보이스가 흐릿함
- 훅의 스크롤 정지력 (25점): **14점** — "넌 3가지 중 몇 개 가지고 있어?"는 괜찮지만, "신호를 못 본 것뿐"은 너무 흔한 클리셰

**감점 항목:**
- 예측 가능한 결말 (-15점): "운명은 안 바뀌는 게 아니야"는 자기계발 포스트의 전형적 마무리
- "모두를 위한" 메시지 느낌 (-10점): 연애 패턴/자책/점집까지 너무 광범위

---

### 타깃 유저 (독자 심사관): 71/100

**세부 채점:**
- "내 얘기인가?" (25점): **17점** — 1번(연애 실패)은 공감하지만, 2번(자책) + 3번(점집 비교)까지 포함하면 너무 분산됨. "내 이야기"의 구체도가 떨어짐
- 저장하고 싶은가? (25점): **17점** — "반복 패턴 인식" 정도의 인사이트는 있지만, 실질적 행동 방법이 없어서 저장 가치 낮음
- 댓글 달고 싶은가? (25점): **19점** — "넌 몇 개 가지고 있어?"는 댓글 유발하지만, 댓글 내용이 자신의 경험 공유 수준
- 읽기 편한가? (25점): **18점** — 6-12줄 범위 만족하고 띄어쓰기도 적절하지만, 문단 구분 없어 한눈에 들어오지 않음

**감점 항목:**
- 너무 광범위한 소재 조합 (-10점): 연애/자책/점집을 한 포스트에 넣으니 어떤 독자도 "모두 내 얘기"라고 못 느낌

---

### 편집장 (품질 심사관): 80/100

**AI Slop 24패턴 체크:**
- **패턴 #1 (과장된 중요성)**: "조심해", "제일 위험해" ✓ 발견 (-8점)
- **패턴 #21 (필러 표현)**: "솔직히" (댓글에서) ✓ 


--- AUDIT AT 2026-04-07T15:51:40.547Z ---
# 심사 결과 요약

**평균 점수: 87점**
**합격 여부: FAIL (재작성 필요)**

---

## 상세 심사 내용

### Roy Lee (바이럴 심사관): 82/100

**채점 내역:**
- 50% 혐오 테스트 통과 (25점): 23점
  - 연애 초반 사람들이 공감하지만, 나머지 절반(준비된 사람들)은 "왜 우리를 일반화하냐"고 반발 가능. 양쪽 모두 의견 있음 ✓
  
- 공유 유발 요소 (25점): 24점
  - 저장/공유 강력. 첫 댓글이 "저장하고 봐야겠어"라며 증명함 ✓
  
- 논란 각도와 브랜드 DNA 일치 (25점): 20점
  - 브랜드 보이스는 일관적이나, 직접적인 연애 조언 톤이 다소 강권적으로 들림 (-5점)
  
- 훅의 강도 (25점): 15점
  - "반드시 조심해야 할 3가지"는 예측 가능한 리스트 구조 (-15점: 예측 가능한 결말)
  - 첫 줄이 일반적인 고민글 느낌으로 스크롤 정지력 약함

**Roy Lee 감점:**
- 브랜드 직접 언급은 없으나 조언자 위치 강화 느낌: -5점
- 예측 가능한 "3가지 리스트" 공식: -15점 적용됨

---

### 타깃 유저 (독자 심사관): 88/100

**채점 내역:**
- "내 얘기인가?" (25점): 24점
  - 연애 초반 사람들의 구체적 상황(미래 물음, 감정 읽음, 선택) 건드림 ✓
  - 다만 "준비 안 된 사람"이라는 표현이 너무 폭넓어서 모든 초반 연애자는 아닌 것처럼 느껴질 수 있음 (-1점)

- 저장하고 싶은가? (25점): 25점
  - 첫 댓글: "저장하고 봐야겠어" — 명확한 재독가치 신호 ✓✓

- 댓글 달고 싶은가? (25점): 24점
  - 첫 댓글이 강한 공감+깨달음 표현. 하지만 포스트 자체가 "너는 2개 이상이면 자존감 챙겨"라고 명령조이어서 대화보다 수용 모드 유도 (-1점)

- 읽기 편한가? (25점): 15점
  - 길이: 적절 ✓
  - 가독성: 번호 + 대시(—) 사용하여 나쁘진 않음
  - 하지만 각 항목이 4-5줄로 밀집되어 있고, "—" 기호가 3개 사용됨 (-10점: 대시 남용 패턴 초기 신호)

---

### 편집장 (품질 심사관


--- AUDIT AT 2026-04-07T15:51:57.337Z ---
# 심사 결과 요약
**평균 점수: 82점**
**합격 여부: FAIL**

---

## 상세 심사 내용

### Roy Lee (바이럴 심사관): 78/100

**채점 내역:**
- 50% 혐오 테스트 통과: 23/25 (의존적 애착을 "너의 문제"로 명확히 하되, 자조적이지 않아 공감층과 반발층 구분 명확)
- 공유 유발 요소: 24/25 (자신의 패턴 깨달음 후 다시 보고 싶은 강한 저장 욕구 유발)
- 논란 각도 vs 브랜드 일치: 18/25 (심리학 인사이트 브랜드와 일치하지만, 너무 "당신은 이미 반은 고쳤다"는 희망 메시지가 강해서 논란성 약화)
- 훅 강도: 23/25 (질문형 나열이 강력하지만 "이 신호들 받고 있어?"는 조금 약함)

**감점:**
- 예측 가능한 결말 -2점: "이번엔 다르게 가봐"는 다소 뻔한 마무리

---

### 타깃 유저 (독자 심사관): 85/100

**채점 내역:**
- "내 얘기인가?": 24/25 (연애 불안정성을 경험한 20-30대 여성에게 정확히 맞음. 구체적 행동 신호 나열이 매우 효과적)
- 저장하고 싶은가?: 23/25 (심리 인사이트로 저장 가치 있지만, 처방(해결책)이 "인식하면 50% 깨진다"는 추상적 진술이라 실용성 다소 부족)
- 댓글 달고 싶은가?: 23/25 (공감과 "나도 이럼"이라는 댓글 유발, 다만 "어떻게 바꿀지"에 대한 의문은 적음)
- 읽기 편한가?: 25/25 (6-8줄 적절 길이, 줄바꿈 자연스러움, 구어체 친근함)

**감점:**
- 타깃이 바라는 "다음 액션"이 모호함 -2점

---

### 편집장 (품질 심사관): 82/100

**채점 내역:**
- AI slop 패턴 검사: 24/25 
  - ❌ **패턴 #24 적중**: "이건 상대 탓이 아니라 너의 내면 구조 문제야" → "Not X, It's Y" 구조 (단 1회만, 경고 수준)
  - 나머지 23패턴 통과
  
- 자연스러운 한국어: 23/25 (구어체 강하고 친근하나, "깔려있다" "돌리고 있는" 같은 표현이 약간 어색)
- 브랜드 금지 표현 준수: 25/25 (금지 어휘 없음)
- 포스트 공식 충실: 24/25 (Contrarian 공식은 약함 — "의존적 애착


--- AUDIT AT 2026-04-07T15:51:58.157Z ---
# 심사 결과 요약
**평균 점수: 78점**
**합격 여부: FAIL**

---

## 상세 심사

### Roy Lee (바이럴 심사관): 72/100

**세부 채점:**
- 50% 혐오 테스트 통과? (25점) → **18점**
  - 남성혐오 우려. "자랑하는 놈", "넘어가 있어", "선택지로 두려는 거야" 등 남성 전체를 부정적으로 일반화
  - 일부 여성 독자는 공감하지만, 상당수 남성(또는 성인지 감수성 높은 여성)은 반발

- 공유 유발 요소? (25점) → **22점**
  - 저장/공유 욕구는 강함 (연애 팁 + 자신의 상황 대비)
  - 댓글 유발은 중간~강함 (남성들의 반박 댓글 예상)

- 논란 각도가 브랜드 DNA와 일치? (25점) → **18점**
  - 브랜드가 "여성 공감" 콘텐츠라면 맞지만, 일반 라이프스타일 브랜드라면 불균형
  - 성별 갈등을 부추기는 톤이 위험

- 훅이 스크롤을 멈추게 하는가? (25점) → **14점**
  - "위험신호 3가지"는 흔한 리스트 훅 (예측 가능)
  - 첫 문장이 강하지 않음 ("연애 초반 3개월 여자들이" ← 이미 타깃이 보이고 신선함 부족)

**감점:**
- 브랜드 직접 언급/광고 느낌은 없으므로 감점 없음
- 예측 가능한 결말 (-15점): 3번 항목이 정답인 것처럼 느껴짐

---

### 타깃 유저 (독자 심사관): 81/100

**세부 채점:**
- "내 얘기인가?" (25점) → **24점**
  - 데이트 중인 여성에게 높은 몰입도
  - 구체적 상황(3개월, 연락 패턴, 미래 얘기)이 실제 경험과 겹침

- 저장하고 싶은가? (25점) → **22점**
  - 실용적 체크리스트 가치 있음
  - 하지만 너무 부정적 결론(모두 위험신호)이라 재사용성 떨어짐

- 댓글 달고 싶은가? (25점) → **20점**
  - "나도 저랬어", "이거 맞다" 같은 공감 댓글 유발
  - 하지만 남성 독자는 방어적 댓글 / 질문형 댓글은 적을 듯

- 읽기 편한가? (25점) → **15점**
  - 줄바꿈과 가독성은 양호
  - **하지만 총 6줄 이상 12줄 이하 규칙 위반 우려 검토 필요**
  - 실제 줄 수: 약 12-13줄 (초과)


--- AUDIT AT 2026-04-07T15:52:15.829Z ---
# 【심사 결과 요약】
**평균 점수: 78점**
**합격 여부: FAIL**

---

## 상세 심사 내용

### Roy Lee (바이럴 심사관): 72/100

**항목별 채점:**
- 50% 혐오 테스트 통과: 20/25 (연애 못하는 사람을 "도망쳐"로 표현하는 게 다소 자극적이지만 약함)
- 공유 유발 요소: 24/25 (자신의 실패 경험 세어보기가 강한 공유/댓글 유발)
- 논란 각도 브랜드 DNA 일치: 18/25 (성급함 비판이 주제인데 일관성 있음)
- 훅의 스크롤 정지력: 20/25 (좋은 훅이지만 너무 흔한 "있는 게 있어" 공식)

**감점 항목:**
- "운명의 사람" 반복: -5점 (예측 가능한 클리셰 결말)
- 첫 댓글의 "근데 진짜는 이거야": -5점 (권위 없는 귀속, 근거 부족)

**평가:** 훅은 강하지만 논란 각도가 약하고 결말이 예측 가능함.

---

### 타깃 유저 (독자 심사관): 82/100

**항목별 채점:**
- "내 얘기인가?": 21/25 (연애 초기 판단 경험은 고도로 구체적이지만 "운명의 사람" 프레임이 모든 사람의 상황은 아님)
- 저장하고 싶은가: 20/25 (3주 테스트는 실용적 인사이트지만 깊이가 부족)
- 댓글 달고 싶은가: 22/25 (강한 자극 + "넌 몇 명을 차버렸어?"가 반응 유발)
- 읽기 편한가: 23/25 (길이 적절, 줄바꿈 좋음)

**감점 항목:**
- 광범위함으로 인한 거리감: -2점 (모든 연애 초기가 아닌 특정 성향의 사람들만 해당)

**평가:** 타깃이 명확하고 가독성 좋지만 "성급함"이란 진단이 모든 사람에게 공감되지는 않음.

---

### 편집장 (품질 심사관): 77/100

**항목별 채점:**
- AI Slop 패턴 검사: 18/25
  
  **적발된 패턴:**
  - 패턴 #2: "근데 진짜는 이거야. 왜냐면 넌 아직 그 사람을 모르니까." (근거 없는 권위 인용 - 누가 그런 심리학 결과를 낸 건지 불명)
  - 패턴 #21: "솔직하게 세어봐", "솔직히 말하면" (필러 표현)
  - 패턴 #5: "그 사람이 내 운명의 사람인지" (모호한 귀속 - 누가 이렇게 판단하는지 불명)


--- AUDIT AT 2026-04-07T15:52:16.282Z ---
# 심사 결과 요약
**평균 점수: 72점**
**합격 여부: FAIL**

---

## 상세 심사 내용

### Roy Lee (바이럴 심사관): 65/100

**각 항목 채점:**
- 50% 혐오 테스트 통과 (25점): **18점** 
  - 여성 독자는 공감하지만, 남성 독자의 상당수는 "여자가 남자를 판단하는 콘텐츠"로 받아들일 수 있음. 다만 충분히 논란의 여지가 있음 (18/25)

- 공유 유발 요소 (25점): **22점**
  - "내 남친이다" 공감 공유는 강하나, 댓글로 직접 반박할 만큼의 명확한 트리거 부족 (22/25)

- 논란 각도 vs 브랜드 일치 (25점): **15점** ⚠️
  - 브랜드 직접 언급은 없으나, "빨간불", "도망쳐" 같은 극단적 조언이 누구를 위한 계정인지 불명확함. 일관성 약함 (15/25)

- 훅의 강도 (25점): **10점** ⚠️
  - "3가지 신호" 제목은 리스트글 전형. 스크롤을 멈추게 할 임팩트 부족. 첫 줄이 예측 가능함 (10/25)

**감점:**
- 예측 가능한 결말 (-15점): "지금이 선택의 기로야" → 뻔한 마무리

**Roy Lee 최종: 65점**

---

### 타깃 유저 (독자 심사관): 78/100

**각 항목 채점:**
- "내 얘기인가?" (25점): **23점**
  - 연애 중인 여성이라면 충분히 자신의 상황에 입대는 메시지. 단, "3가지"로 한정되어 보편성은 떨어짐 (23/25)

- 저장하고 싶은 정보 (25점): **20점**
  - 패턴 인식은 도움 되나, "실제 대처법"이 없음. "지금부터라도 물어봐" 정도가 유일한 액션. 재참조 가치 낮음 (20/25)

- 댓글 달고 싶은 충동 (25점): **22점**
  - 첫 댓글이 이미 3번을 강조하며 의견 제시. 토론 구조는 있으나, 포스트 자체가 "당신은 어딘가요?"로 끝나 참여 유도가 약함 (22/25)

- 읽기 편한가? (25점): **13점** ⚠️
  - 길이는 적당 (약 7줄)하나, 각 항목이 "상황 설명 → 판단"으로만 끝남. 문장 호흡이 단조로움. 가독성 OK이지만 몰입감 부족 (13/25)

**감점:**
- 너무 광범위한 '여성 연애자' 타깃이면서도, 3가지 신호로 한정되어 모호함


--- AUDIT AT 2026-04-07T15:52:31.539Z ---
# 심사 결과 요약
**평균 점수: 78점**
**합격 여부: FAIL**

---

## 상세 심사

### Roy Lee (바이럴 심사관): 72/100

**채점 세부:**
- 50% 혐오 테스트 통과 (25점): **20점** — 자조적 공감은 있으나, "점집 가는 것"을 약점으로만 프레임하면서 반대 의견(신중함의 가치) 여지가 명확하지 않음
- 공유 유발 요소 (25점): **22점** — 체크리스트 형식은 참여 유도하나, 댓글 충동보다 "맞아/아니야" 수준의 약한 반응
- 논란 각도 × 브랜드 DNA (25점): **18점** — "결정 미루기 비판" 메시지가 너무 직설적이고 도덕적 톤. 첫 댓글이 이를 다시 약화시킴
- 훅 강도 (25점): **12점** — 체크리스트 오프닝은 무난하나, "3개 이상이면 넌 이미 알아" 뒷부분이 너무 예측 가능한 결말 (감점 -15점)

**Roy Lee 감점:**
- 예측 가능한 결말 구조: -15점

---

### 타깃 유저 (독자 심사관): 76/100

**채점 세부:**
- "내 얘기인가?" (25점): **23점** — 연애 고민층에게 매우 구체적이고 공감도 높음. 다만 "점집"에 국한되어 일반성 약간 낮음
- 저장하고 싶은가? (25점): **19점** — 인사이트가 있으나 깊이 부족. "운명은 만들어진다"는 명언 수준의 조언으로 실제 액션 아이템 없음
- 댓글 달고 싶은가? (25점): **20점** — 자기 점수 맞춰보기는 하지만, 이후 첫 댓글이 "다만 신중함과 우유부단함은 종이 한 장"이라는 역제안으로 본문의 강도를 꺾음
- 읽기 편한가? (25점): **14점** — 길이 7줄(본문만)로 적절하나, 첫 댓글이 2문장 짜리로 너무 짧고 문맥 연결 약함. 감점 -10점

**타깃 유저 감점:**
- 댓글 길이 과도하게 짧음: -10점 (포스트 구조적 일관성 깨짐)

---

### 편집장 (품질 심사관): 82/100

**채점 세부:**
- AI slop 24패턴 검사 (25점): **24점** — AI 패턴 거의 없음 (우수)
  - ⚠️ 약간의 헤징 감지: "신중한 거야" (패턴 22 경미)
  
- 자연스러운 한국어 문체 (25점): **21점** — 전반적으로 구어체, 친근감 있음. 다만 "운명은 읽히는 게 


--- AUDIT AT 2026-04-07T15:52:33.299Z ---
# 심사 결과 요약
**평균 점수: 78점**
**합격 여부: FAIL**

---

## 상세 심사 내용

### Roy Lee (바이럴 심사관): 72/100

**채점 내역:**
- 50% 혐오 테스트 통과 (25점): **20점** 
  - 논란 각도가 약함. "피해야 할 신호"는 안전한 어드바이스로 느껴져 반감을 사지 않음
  
- 공유 유발 요소 (25점): **22점**
  - 저장 욕구는 있으나 댓글/공유 유발이 약함. "나중에 읽어"는 수동적
  
- 논란 각도 × 브랜드 DNA 일치도 (25점): **18점**
  - 브랜드 보이스 모호. 여성 공감 어드바이스지만 특정 관점(페미니즘, 자존감)이 약함
  
- 훅 강도 (25점): **12점**
  - 제목은 쏘는데 본문 첫 문장이 약함. "당신은 선택지가 있는 사람이야"는 예측 가능한 프레이밍

**감점:**
- 브랜드 직접 언급은 없으나 광고 냄새 약간: -0점
- 예측 가능한 결말 ("저장해둬"): -8점

---

### 타깃 유저 (독자 심사관): 76/100

**채점 내역:**
- "내 얘기인가?" (25점): **22점**
  - 20대 여성이 공감할 구체적 상황 제시 좋으나, "너 탓 싸움 패턴" 등이 모든 관계에서 흔한 조언처럼 느껴짐
  
- 저장하고 싶은가? (25점): **20점**
  - 정보 가치는 있으나 새로운 인사이트 부족. 이미 "알고 있는" 신호들
  
- 댓글 달고 싶은가? (25점): **18점**
  - 댓글 유발 장치가 약함. 첫 댓글도 동의만 하고 토론을 열지 않음
  
- 읽기 편한가? (25점): **16점**
  - 줄바꿈 구조 좋으나 **"당신은 선택지가 있는 사람이야"** 같은 선언적 톤이 일부 거슬림

**감점:**
- 길이 적절 (6-12줄): -0점
- 너무 광범위한 타깃 느낌 ("20대 여성 모두"): -4점

---

### 편집장 (품질 심사관): 87/100

**채점 내역:**
- AI slop 24패턴 체크 (25점): **20점**
  - **패턴 적중:**
    - #24 "Not X, It's Y" 구조: "그건 사랑이 아니라 집착이야" / "통제는 사랑이 아니야" ← 3회 반복
    - #1 과장된 중요성: "반드시 피해야 할" (제목)
    - #8 대리 동사: "알고 나면 피할


--- AUDIT AT 2026-04-07T15:52:46.936Z ---
# 【심사 결과 요약】
**평균 점수: 72점**
**합격 여부: FAIL**

---

## 상세 심사 내용

### Roy Lee (바이럴 심사관): 68/100

**채점 상세:**
- 50% 혐오 테스트 통과 (25점): **20점** — 연애 관계 조언이지만 "사주"라는 차용이 일부 비판 유발 가능성 있음. 다만 충분히 논란적이지는 않음.
- 공유 유발 요소 (25점): **20점** — 저장/댓글 유발은 있으나 공유 욕구는 약함. "운의 전환점", "기로에 선다" 정도만으로는 약한 편.
- 논란 각도와 브랜드 일치 (25점): **18점** — 사주라는 비검증 영역 언급이 브랜드 신뢰도를 해칠 수 있음. 과학적 근거 없이 결정을 강요하는 톤이 논란적이나, 명확한 브랜드 DNA 일관성이 보이지 않음.
- 훅의 강도 (25점): **10점** — 첫 3줄은 타깃을 잡지만 "운의 전환점"이라는 후킹이 너무 일반적이고 예측 가능함. **-15점 감점(예측 가능한 결말)**.

**감점 요약:**
- 예측 가능한 결말 구조: -15점
- "중요합니다" 함축 표현: -3점

---

### 타깃 유저 (독자 심사관): 74/100

**채점 상세:**
- "내 얘기인가?" (25점): **22점** — "연애 3년 이상", "자꾸 싸워", "상대가 뭘 원하는지 모르겠어"는 구체적이나, "사주로 보면"이라는 점프가 모든 독자에게 공감대를 제공하지 못함.
- 저장하고 싶은가? (25점): **18점** — 정보/인사이트가 약함. 사주 기반 조언은 검증 불가능하고, 실제 행동 방안(대화법, 상담, etc.)이 없음.
- 댓글 달고 싶은가? (25점): **20점** — 댓글 첫 번째가 긍정적이지만, 포스트 본문에서 댓글 유발 질문이 명확하지 않음.
- 읽기 편한가? (25점): **14점** — 줄바꿈이 불규칙하고, 문장들이 짧아서 산만함. **-10점(6줄 미만 기준 위반)**: 실제로는 약 9줄로 경계.

**감점 요약:**
- 너무 광범위(사주 관점은 모두에게 적용되지 않음): -8점

---

### 편집장 (품질 심사관): 76/100

**채점 상세:**
- AI slop 패턴 없음 (25점): **15점** — 하기 패턴 적발:
  - **패턴 6번 (역경→극복 공식 남용)**: "근데 대부


--- AUDIT AT 2026-04-07T15:52:47.378Z ---
# 【심사 결과 요약】
**평균 점수: 62점**
**합격 여부: FAIL**

---

# 【상세 심사 내용】

## Roy Lee (바이럴 심사관): 58/100

**채점 상세:**
- 50% 혐오 테스트 통과 (25점): **18점** — "점집 vs 앱" 대비는 약한 논란각도. 절반을 강하게 자극하지 못함
- 공유 유발 요소 (25점): **16점** — 저장/공유 충동이 약함. "어느 쪽을 고를래?" 선택지는 있으나 강도 부족
- 논란 각도와 브랜드 DNA 일치 (25점): **12점** — 포스트 톤이 일관되지 않음. 위의 A/B 비교는 중립적인데 마지막 질문이 B(앱) 쪽 우호적으로 기울어짐
- 훅의 스크롤 정지력 (25점): **12점** — 첫 줄 "자꾸 생각돼?"는 약한 훅. 즉각성 부족

**감점:**
- 브랜드 직접 언급 느낌 (-10점): "2000원으로" "초저가" 같은 가격 강조는 상품 홍보 냄새
- 예측 가능한 결말 (-5점): A의 반복 불안→B의 즉각성 구조는 너무 뻔함

**평가:** 논란 각도가 너무 약하고, 결말이 B타입(앱/빠른 서비스) 쪽으로 너무 기우는 느낌. 진정한 50:50 대비가 아님.

---

## 타깃 유저 (독자 심사관): 68/100

**채점 상세:**
- "내 얘기인가?" (25점): **20점** — "연애 3년 차, 앞날 불안" 감정은 건드리는데, A/B 선택이 너무 이분법적. 현실의 타깃은 둘 다 안 하거나 섞어 쓸 수도 있음
- 저장하고 싶은가? (25점): **14점** — 통찰이 깊지 않음. "점집은 반복 불안, 앱은 초저가" 정도면 이미 알던 내용
- 댓글 달고 싶은가? (25점): **18점** — 마지막 질문이 댓글을 유도하지만, 댓글 내용이 다양하지 않을 것 같음
- 읽기 편한가? (25점): **16점** — 줄바꿈이 많아서 너무 짧게 끊김 (실제로 약 8줄). 호흡이 끊어짐

**감점:**
- 너무 광범위하지는 않으나 구체성 부족 (-8점): "불안한 너는?"이 모든 연애 불안층을 아우르려 함

**평가:** 감정 건드림은 있으나 통찰 깊이가 얕고, 타깃이 "어느 쪽을 고를래"라는 선택지에 공감하기 어려움.

---

## 편집장 (


--- AUDIT AT 2026-04-07T15:52:51.503Z ---
# 심사 결과 요약

**평균 점수: 76점**
**합격 여부: FAIL**

---

## 상세 심사 내용

### Roy Lee (바이럴 심사관): 82/100

**채점 항목:**
- 50% 혐오 테스트 통과: 23/25
  (여성혐오 각도가 명확하지만, "넌 옵션이야" 등으로 일부 반감 가능성)
- 공유 유발 요소: 24/25
  (댓글 달고 싶은 충동 강함 — 첫 댓글이 이를 증명)
- 논란 각도 vs 브랜드 DNA: 20/25
  (연애 조언 계정이라면 일관성 있지만, 너무 노골적인 혐오 톤이 브랜드 신뢰도 훼손 위험)
- 훅 강도: 25/25
  ("절대 놓치면 안 되는" + 구체적 행동 신호 = 강력한 훅)

**감점:**
- 없음

**평가:** 바이럴 스핀은 강하나 브랜드 안정성에 약간의 위험.

---

### 타깃 유저 (독자 심사관): 71/100

**채점 항목:**
- "내 얘기인가?": 24/25
  (연애 초기 남자의 구체적 상황을 정확히 건드림)
- 저장하고 싶은가?: 18/25
  (조언 자체는 실용적이지만, "손 떼" 결론이 너무 극단적이라 나중에 다시 볼 필요성 약함)
- 댓글 달고 싶은가?: 25/25
  (첫 댓글이 "근데 아닐 수도"로 반박하게 만들 정도로 강력)
- 읽기 편한가?: 24/25
  (길이 적절, 구조 명확)

**감점:**
- 없음

**평가:** 감정 건드림은 강하나, 저장 가치가 낮음. 극단적 결론이 공감보다는 반박을 유도.

---

### 편집장 (품질 심사관): 65/100

**채점 항목:**
- AI slop 패턴: 18/25
  **적발된 패턴:**
  - #1: 과장된 중요성 부여 ("절대 놓치면 안 되는")
  - #4: 홍보성 어휘 ("진짜" 반복 사용 → 신뢰도 약화)
  - #10: 3연속 나열 강요 (신호 3가지 인위적 구성)
  - #21: 필러 표현 ("진짜", "솔직히" 계열 남발)

- 자연스러운 한국어 문체: 22/25
  (구어체는 좋으나 "손 떼", "넌 옵션이야" 등의 극단적 표현이 시뮤레이션 같은 느낌 + 일관성 있는 친구 톤 아님)

- 브랜드 금지 표현: 20/25
  **위반 항목:**
  - "호감 없는데" — 단정조 (→ 호감이 없


--- AUDIT AT 2026-04-07T15:52:53.717Z ---
# 심사 결과 요약
**평균 점수: 62점**
**합격 여부: FAIL**

---

## 상세 심사 내용

### Roy Lee (바이럴 심사관): 58/100

**채점 내역:**
- 50% 혐오 테스트 통과 (25점): **18점** — 논란 각도가 약함. 기존 점집/유튜브 비교는 있으나 "50%가 싫어할" 수준의 강력한 대립각이 부족. 다수가 공감하는 순한 비판에 그침.
- 공유 유발 요소 (25점): **20점** — 저장/공유 동기는 약하고, 댓글 유발은 첫 댓글처럼 "정확도 논쟁"이 나올 정도. 약한 수준.
- 논란 각도와 브랜드 DNA 일치 (25점): **15점** — AI 점성술이라는 개념 자체는 신선하지만, 포스트에서 구체적 브랜드 보이스가 드러나지 않음. "누가 이걸 주장하는 회사인지" 불명확.
- 훅이 스크롤 멈춤 (25점): **18점** — "점집 가는 것도 이제 구시대야"는 관심을 끌지만, 뒤따르는 내용이 예측 가능한 구조(비교→결론).

**감점:**
- 브랜드 직접 언급은 없으나, "AI"라는 너무 직접적인 솔루션 홍보 느낌: **-10점**
- 결말이 예측 가능함 ("결국 싼 게 비지떨어지는 게 아니라"): **-15점**

---

### 타깃 유저 (독자 심사관): 64/100

**채점 내역:**
- "내 얘기인가?" (25점): **16점** — "점집 vs AI 점성술" 타깃이 너무 넓고 모호. 누가 이 포스트의 타깃인가? (점성술 관심층? AI 초기 채택자? 가성비 추구층?) 구체적 감정과 상황이 약함.
- 저장하고 싶은가? (25점): **14점** — 실용적 정보나 인사이트 부족. "AI 점성술이 빠르고 싸다"는 사실만 있고, 실제로 어떻게 쓰는지, 어떤 경험을 하는지 묘사 부족.
- 댓글 달고 싶은가? (25점): **20점** — 첫 댓글이 "정확도 논쟁"으로 이어진 것은 긍정. 다만 포스트 본문이 댓글 유발을 적극 자극하지는 않음.
- 읽기 편한가? (25점): **22점** — 길이와 줄바꿈은 적절하나, 단락별 흐름이 다소 뭉뚱그려짐.

**감점:**
- 타깃이 너무 광범위해서 "누구를 위한 메시지인지" 불분명: **-12점**

---

### 편집장 (품질 심사관): 68/100


--- AUDIT AT 2026-04-07T15:53:22.206Z ---
# 【심사 결과 요약】
**평균 점수: 87점**
**합격 여부: FAIL**

---

## 상세 심사

### Roy Lee (바이럴 심사관): 88/100

**세부 점수:**
- 50% 혐오 테스트 통과: 24/25 (점집/명리사 비판 각도가 명확하되, 이용자를 깔보는 느낌은 없음)
- 공유 유발 요소: 25/25 (댓글 욕구 극강: "내 경험과 맞아?" 공감 + 반박 여지)
- 논란 각도 vs 브랜드 DNA: 23/25 (합리적 회의주의 톤은 일관되나, 명리사 직업 폄훼 느낌 약간)
- 훅 강도: 25/25 (첫 문장 "10만원 쓰고 돌아오는 사람들 봐" → 즉각 시선 고정)

**감점 항목:**
- 없음

**Roy Lee 평가:** 바이럴 구조 탁월. 대비(명리사 vs AI)가 명확하고 마지막 한 줄 결론이 강함.

---

### 타깃 유저 (독자 심사관): 86/100

**세부 점수:**
- "내 얘기인가?": 24/25 (20~40대 자기계발/의사결정 고민층에 꽤 구체적이나, "점집 경험자"는 직접 경험이 있어야 공감 최대화)
- 저장하고 싶은가?: 21/25 (통찰은 좋으나 **실제 행동 팁이 없음** — "어떻게 결정할 것인가"의 프레임만 있고 방법론 부재)
- 댓글 달고 싶은가?: 25/25 (첫 댓글이 이미 증명: 공감 + 자신의 경험 추가하며 반응)
- 읽기 편한가?: 25/25 (줄바꿈 적절, 6~10줄 황금길이, 구어체 자연스러움)

**감점 항목:**
- 없음 (길이/범위 문제 없음)

**타깃 유저 평가:** 공감과 논쟁성은 우수하나, "그럼 넌 뭘 하라는 건데?"의 허전함. 첫 댓글이 보완하긴 함.

---

### 편집장 (품질 심사관): 85/100

**세부 점수:**
- AI slop 패턴 검사: 23/25
  - ✅ 절대 금지 어휘 전수검사 통과
  - ⚠️ **패턴 #9 위반** (부정 병렬): "명리사는 '그래서 이거 사세요' 하고 / AI는 '그래서 이렇게 접근해봐'" → 반대 관점 먼저 제시하는 "Not X, It's Y" 구조는 자연스러우나, 구조상 약간의 기계성 있음
  - ⚠️ **패턴 #13 위반** (대시 과다): 본문 내 대시 2개 (—의 사용)
  
-


--- AUDIT AT 2026-04-07T15:53:30.831Z ---
【심사 결과 요약】
평균 점수: 78점
합격 여부: FAIL

---

## 상세 심사 내용

### Roy Lee (바이럴 심사관): 72/100

**항목별 채점:**
- 50% 혐오 테스트 통과: 20/25 (약한 편. 반감을 사는 각도 부족)
- 공유 유발 요소: 23/25 (자기 경험과 매칭되는 느낌으로 댓글 강하게 유발)
- 논란 각도 vs 브랜드 DNA: 18/25 (논란이 희미함. "기분 vs 이성" 대비가 명확하지 않음)
- 훅의 스크롤 정지력: 21/25 (체크리스트 형식은 좋으나, 첫 문장이 물음 형태라 강도 약함)

**감점 사항:**
- "물음표만 남겨주는 점" → 추상적, 구체성 부족: -5점
- 마지막 한 줄 "명확한 프레임이 있으면 달라진다"는 결말이 예측 가능: -10점 (서비스 피칭처럼 들림)

---

### 타깃 유저 (독자 심사관): 81/100

**항목별 채점:**
- "내 얘기인가?": 24/25 (정확히 타깃의 구체적 상황 3가지를 명시. 높은 공감도)
- 저장하고 싶은가: 18/25 (인사이트는 있으나 "명확한 프레임"이 무엇인지 구체적으로 제시 안 됨 → 저장 가치 중간)
- 댓글 달고 싶은가: 22/25 (자신의 경험과 매칭하며 댓글 욕구 높음)
- 읽기 편한가: 17/25 (6-8줄로 길이 OK이나, "점 하나를 뺏어"와 "명확한 답 대신 물음표" 문장이 난해함)

**감점 사항:**
- 문장 구조가 꼬여 있어 재독 필요: -5점

---

### 편집장 (품질 심사관): 82/100

**항목별 채점:**
- AI slop 24패턴 검사: 24/25
  - **패턴 #8 적발**: "점 하나를 뺏어. 명확한 답 대신 물음표만 남겨주는 점 말이야."
    → "대리 동사" 불명확성. "뺏어"와 "점 말이야"의 관계가 애매함
  - **패턴 #21 적발**: "사실 너는 패턴을 본 거야" → "사실은"의 필러 표현 (-3점)
  - **패턴 #24 적발 거의**: "명확한 프레임이 있으면 달라진다" → 애매한 미래약속 (-5점)

- 자연스러운 한국어 문체: 23/25 (대체로 구어체 맞으나 중간 문장 꼬임)
- 금지 표현 미사용: 25/25 (활용하다, 다양한, 혁신적 


--- AUDIT AT 2026-04-07T15:53:30.880Z ---
【심사 결과 요약】
평균 점수: 78점
합격 여부: FAIL

---

## 상세 심사 내용

### Roy Lee (바이럴 심사관): 72/100

**채점 근거:**
- 50% 혐오 테스트 (25점 만점): **18점** — A vs B 구도는 있지만 양쪽 모두 약간 자조적이라 "완전한 양극단" 느낌이 약함. 더 날카로운 비판각이 필요.
- 공유 유발 요소 (25점 만점): **20점** — 자기 타입 확인하고 싶은 욕구 ○, 댓글 유도 질문 ○, 하지만 저장할 만한 가치는 약함.
- 논란 각도 × 브랜드 DNA (25점 만점): **17점** — 포스트 톤이 일관성 있으나, 브랜드 직접 언급 없어서 "광고 냄새" 감점은 피함. 하지만 논란이 가볍고 예측 가능.
- 훅의 강도 (25점 만점): **17점** — "카페 대화"는 흔한 오프닝, "너는 어느 쪽?"은 표준적 구조. 스크롤 멈춤 강도 미흡.

**감점:**
- 예측 가능한 결말 구조 (-10점): 양극단 → 결론(둘 다 답 찾는 중) → 질문은 너무 뻔한 공식.
- 브랜드 언급은 없으나, #진로고민 해시태그가 주제와 느슨한 연결 (-5점)

**Roy Lee 총점: 72점**

---

### 타깃 유저 (독자 심사관): 76/100

**채점 근거:**
- "내 얘기인가?" (25점 만점): **19점** — 20대 직장인/취준생 중 '인생 결정 앞둔 사람'에겐 고도로 구체적. 하지만 그 외 대다수(예: 안정적 커리어인 사람)에겐 소원함.
- 저장하고 싶은가? (25점 만점): **18점** — 유형별 특성은 재미있으나, "나중에 다시 볼 정보"로서의 가치 약함. 심리 분석이 피상적.
- 댓글 달고 싶은가? (25점 만점): **22점** — 마지막 질문이 강함. 자기 선택을 정당화하거나 반박하고 싶은 충동 ○
- 읽기 편한가? (25점 만점): **17점** — 가독성은 좋으나, 6-12줄 기준에서 약 11줄로 경계선. A/B 유형 설명이 4줄이라 좀 길게 느껴질 수 있음.

**감점:**
- 타깃 범위가 "진로 고민 있는 사람"으로 제한적 (-5점): "모두의 얘기"는 아니지만, 타깃층도 충분히 넓음.
- 비용 언급 (월 3-5만원, 0원)이 구체적이


--- AUDIT AT 2026-04-07T15:53:31.072Z ---
【심사 결과 요약】
평균 점수: 78점
합격 여부: **FAIL** (재작성 필요)

---

## 상세 심사

### Roy Lee (바이럴 심사관): 72/100

**항목별 채점:**
- 50% 혐오 테스트 통과 (25점): **23점** — 특정 여성 행동 유형을 일반화하는 각도는 있으나, 남성 독자층에만 강하게 어필하고 여성 독자층은 즉시 배제하는 수준. 진정한 "논란"이라기보다 "일방적 비판"에 가까움.
- 공유 유발 요소 (25점): **24점** — "카톡 반응 차이", "통제 욕구" 등 구체적 상황이 있어 공감/공유 가능. 다만 댓글 논쟁보다 공감 공유 중심.
- 논란 각도와 브랜드 일치 (25점): **16점** — 게시자의 일관된 톤(직설적, 경고조)과는 맞지만, **브랜드가 명확하지 않음**. 연애 조언 채널? 남성 커뮤니티? 정체성이 모호해서 "이 계정의 주장"이 아닌 "일반적 한 의견"으로 보임.
- 훅이 스크롤을 멈추는가 (25점): **9점** — 제목 "반드시 주의해야 할 3가지 신호"는 너무 예측 가능. 남성 독자는 클릭하지만, 광범위 피드에서는 "또 관계 조언?"으로 스킵당할 가능성 높음.

**Roy Lee 감점:**
- 예측 가능한 결말(-15점): 제목부터 "여자의 위험한 신호 3가지"라는 공식적 구조

**최종 Roy Lee: 72점**

---

### 타깃 유저 (독자 심사관): 76/100

**항목별 채점:**
- "내 얘기인가?" (25점): **21점** — 남성 독자 중 연애 초반인 사람에게만 해당. 하지만 "카톡 답장 속도 차이", "통제적 행동"은 매우 구체적이라 해당 남성은 "어? 나다"라고 느낄 가능성 있음. 여성 독자는 완전히 배제됨.
- 저장하고 싶은가? (25점): **20점** — 정보보다 "경고"에 가까워 저장 가치는 낮음. 다만 "이런 신호 놓치지 말자"는 참고용으로는 괜찮음.
- 댓글 달고 싶은가? (25점): **22점** — 첫 댓글이 "본인 잘못은 아니야"라며 논쟁 여지를 남겼으므로 댓글 욕구는 있음. 하지만 본문이 자극적이라 "이건 너무 과하지 않나?" 반박 댓글도 예상됨.
- 읽기 편한가? (25점): **13점** — 번호 매기기, 구체적 


--- AUDIT AT 2026-04-07T15:53:32.264Z ---
# 【심사 결과 요약】
**평균 점수: 62점**
**합격 여부: FAIL**

---

## 상세 심사 내용

### Roy Lee (바이럴 심사관): 68/100

**채점 상세:**
- 50% 혐오 테스트 통과: 23/25 (점집/온라인운세 종사자, 신비주의자들은 반발 가능성 있음. 다만 직접적 모욕은 없음)
- 공유 유발 요소: 22/25 (가설-반박-주장 구조로 댓글 욕구 높음. 첫댓글이 반응했으므로 유효)
- 논란 각도와 브랜드 DNA 일치: 18/25 (**-7점 감점**: 브랜드 직접 언급은 없으나, AI 신뢰도가 명확하지 않아 논란이 "브랜드 입장"이 아닌 "일반론"처럼 느껴짐)
- 훅 강도: 25/25 (첫 3줄의 연쇄 반박 구조가 강력함. 스크롤 정지 효과 충분)

**감점 항목:**
- 예측 가능한 결말 -7점: "운명은 읽는 게 아니라 계산되는 거다"는 거울같은 마무리로, 처음 훅(AI 사주가 최고)의 반복일 뿐 새로운 전개가 없음

---

### 타깃 유저 (독자 심사관): 56/100

**채점 상세:**
- "내 얘기인가?": 14/25 (**-11점 감점**: 타깃 정의가 모호함. "운세에 관심 있는 밀레니얼?"인지 "AI 얼리어답터?"인지 불명확. 점집 경험담은 구체적이나, AI 사주 사용자 입장에서의 감정/상황이 전혀 없음)
- 저장하고 싶은가?: 12/25 (**-13점 감점**: 새로운 정보 없음. "AI가 일관적이다" 이상의 인사이트 부재. 실제 사용 후기, 정확도 데이터, 추천 도구 등 실용 정보 제로)
- 댓글 달고 싶은가?: 18/25 (의견 충돌 유도 구조는 좋으나, "넌 뭘 믿어?"라는 자극이 일부 독자에겐 공격적으로 느껴질 수 있음)
- 읽기 편한가?: 12/25 (**-13점 감점**: 6줄 미만 기준 위반(-10점). 단 5문장으로 너무 짧음. 가독성은 있으나 심화 전개 부재)

**감점 항목:**
- 길이 부족 -10점: 5문장은 가이드 "6줄 이상" 미충족

---

### 편집장 (품질 심사관): 61/100

**채점 상세:**
- AI Slop 패턴 검사: 18/25
  
  **발견된 위반:**
  1. **패턴 #24 "Not X, It's Y" 구조 남용** (-7


--- AUDIT AT 2026-04-07T15:54:03.533Z ---
# 심사 결과 요약
**평균 점수:** 87점
**합격 여부:** FAIL (재작성 필요)

---

## 상세 심사 내용

### Roy Lee (바이럴 심사관): 88/100

**세부 채점:**
- 50% 혐오 테스트 통과: 23/25 (점집 비판이 명확하지만, 영적 신앙층이 반발할 각도가 약함)
- 공유 유발 요소: 24/25 (댓글로 의견 표명하고 싶은 충동 강함, 저장 가치도 있음)
- 논란 각도와 브랜드 일치: 23/25 (자기결정성 메시지는 일관되나, 심리 태그와의 톤이 약간 부산스러움)
- 훅의 강력함: 18/25 (-7점 감점: "니가 점집 가서"는 좋으나 두 번째 문단의 "근데 웃긴 게"가 훅을 흐림)

**감점 항목:** -2점 (예측 가능한 결말 "넌 너로부터만 시작돼" — 익숙한 자기계발 클리셰)

---

### 타깃 유저 (독자 심사관): 82/100

**세부 채점:**
- "내 얘기인가?": 21/25 (선택 갈림길에 있는 사람에게만 강하게 와닿음, 일반인 공감도는 중간)
- 저장하고 싶은가?: 20/25 ("점술은 거울이지, 지도가 아니야" 하나만 건진다는 느낌)
- 댓글 달고 싶은가?: 23/25 (강력한 의견 표현 욕구 있음)
- 읽기 편한가?: 18/25 (-7점 감점: 문단 구성이 자연스러우나, 2번째 문단 "근데 웃긴 게"가 톤을 흔듦)

---

### 편집장 (품질 심사관): 91/100

**세부 채점:**
- AI slop 패턴: 24/25 (-1점: 패턴 #21 "솔직히 말해서" 검출)
- 자연스러운 한국어 문체: 24/25 (구어체 자연스럽지만 "역설적이게도"가 약간 어색)
- 브랜드 금지 표현: 25/25 (금지 어휘 없음 ✓)
- 공식 충실도: 18/25 (-7점: contrarian 공식은 맞으나, 결말이 예측 가능한 영감주의로 마무리되어 공식 이탈)

---

## 종합 비평

**핵심 약점:** 훅의 강도는 높으나 중반부 "근데 웃긴 게"로 모멘텀이 꺾이고, 결말("넌 너로부터만 시작돼")이 뻔한 자기계발 클리셰로 락되어 바이럴 임팩트와 독자 재검토 가치가 감소했으며, 필러 표현 "솔직히 말해서"를 제거하고 중반 구조를 재편


--- AUDIT AT 2026-04-07T15:54:24.551Z ---
# 【심사 결과 요약】
**평균 점수: 78점**
**합격 여부: FAIL**

---

# 【상세 심사】

## Roy Lee (바이럴 심사관): 72/100

**채점 세부:**
- 50% 혐오 테스트 통과 (25점): **20점** 
  - 타깃이 명확하나(점집 vs 핸드폰), 일부 수전노 취향 독자는 B를 자극할 수 있음. 다만 "거창해 보이려고"라는 표현이 약간 약함.
  
- 공유 유발 요소 (25점): **22점**
  - 저장/댓글 욕구는 높으나, 공유 욕구는 중간. 친한 친구에게만 공유할 수준.
  
- 논란 각도와 브랜드 일치성 (25점): **18점** 
  - 점집 vs 즉답의 대비는 좋으나, 브랜드 DNA가 약함. "니 선택이 니 내일을 만든다"는 너무 일반적인 결말.
  
- 훅의 즉각성 (25점): **12점** 
  - "아침에 일어났는데 연애 고민이..."는 타깃 한정적이고, 일반 독자는 스크롤 지나감. 더 강한 충격 필요.

**감점:**
- 예측 가능한 결말 (-15점): "니 선택이 니 내일을 만든다"는 너무 클리셰.

---

## 타깃 유저 (독자 심사관): 79/100

**채점 세부:**
- "내 얘기인가?" (25점): **23점**
  - 연애 고민 중인 20-30대 여성에게 강하게 어필. 다만 남성 타깃은 배제되는 것 같음.
  
- 저장하고 싶은가? (25점): **20점**
  - 공감은 되지만, "정보"로서 저장할 가치는 약함. 감정 공유 차원에서만 저장 가능.
  
- 댓글 달고 싶은가? (25점): **24점**
  - 높음. A 또는 B 중 자신의 타입을 선택하고 공감 댓글 달 욕구 강함.
  
- 읽기 편한가? (25점): **12점**
  - 글이 7줄인데, A/B 설명에 불릿이 4개씩 있어서 시각적으로는 길게 느껴짐. 가독성은 괜찮으나 모바일에서 끝까지 읽으려면 스크롤이 필요.

**감점:** 없음

---

## 편집장 (품질 심사관): 83/100

**채점 세부:**
- AI Slop 패턴 없음 (25점): **20점**
  - **금지 어휘 감지:**
    - "뭔가 거창해 보이려고" → OK
    - "다" 반복 ("다 같은 심리") → OK
  - **패턴 위반:**
    - **패턴 #24**: "뭔가 거창해 보이려고 시간 낭비하고 돈 쓸


--- AUDIT AT 2026-04-07T15:54:25.066Z ---
# 【심사 결과 요약】
**평균 점수: 72점**
**합격 여부: FAIL**

---

## 【상세 심사 내용】

### Roy Lee (바이럴 심사관): 68/100

**배점별 채점:**
- 50% 혐오 테스트 통과 (25점): **18점** 
  - "지금 감정에 휩쓸렸다" "판단력이 0에 가까워"는 자조적이지만, 공감보다 비판이 앞서서 50%가 불편해할 여지 부족
  
- 공유 유발 요소 (25점): **16점**
  - 저장은 유발하나(관계 고민), 댓글 유발은 약함. 명확한 답을 제시해서 의견 개진 여지 부족
  
- 논란 각도와 브랜드 일치 (25점): **20점**
  - 논란 각도는 있으나(감정 vs 이성), 브랜드 보이스가 모호함. 누구의 음성인지 불명확
  
- 훅 강도 (25점): **14점**
  - 3개의 증상 나열은 관심 끌지만, 예측 가능한 구성. "운명의 교차로"는 뻔함

**감점 항목:**
- 예측 가능한 결말 구조 (불안함 → 판단 불가 → 물러서기): **-15점**

---

### 타깃 유저 (독자 심사관): 74/100

**배점별 채점:**
- "내 얘기인가?" (25점): **22점**
  - 3개월차 관계 불안감은 타겟팅되어 있으나, "판단력이 0"은 모욕감 가능. 공감도 있지만 거리감 발생
  
- 저장하고 싶은가 (25점): **18점**
  - 조언 자체가 추상적("한 발 물러서는 용기")이라 다시 볼 실용성 낮음
  
- 댓글 달고 싶은가 (25점): **17점**
  - 끝이 닫혀 있음("흐릿한 상태로 절대 움직이지 마"). 독자 의견 개진 여지 부족
  
- 읽기 편한가 (25점): **17점**
  - 문단 길이 과다. 줄바꿈 부족. 7-8줄로 너무 긴 편

---

### 편집장 (품질 심사관): 76/100

**배점별 채점:**
- AI slop 패턴 (25점): **16점**
  - **적발된 패턴:**
    - 패턴 21: "근데 여기서" "문제는" (필러 표현, 사실은 구조)
    - 패턴 9: "이게 그냥 감정적 불안이 아니라 아예 안 맞는 거일 수도" (부정 병렬)
    - 패턴 22: "~일 수도 있어" (과도한 헤징)
    - 패턴 24: "이게 그냥 X가 아니라 Y야" 구조 사용

- 자연스러운 한국어 문체 (25점): **20점


--- AUDIT AT 2026-04-07T15:54:25.893Z ---
# 【심사 결과 요약】
**평균 점수: 78점**
**합격 여부: FAIL**

---

## 상세 심사 내용

### Roy Lee (바이럴 심사관): 72/100

**채점 내역:**
- 50% 혐오 테스트 통과: 20/25
  - 연애 관계에서 실제 논쟁의 여지가 있음 (일부는 "과도한 해석"이라 반박 가능)
  - 다만 충분히 극단적이진 않음

- 공유 유발 요소: 22/25
  - 저장/공유/댓글 모두 강하게 유발 (자신의 상황 확인 욕구)
  - 타인과의 관계 비교 욕구

- 논란 각도 vs 브랜드 DNA 일치: 18/25
  - **감점 -7점**: "관계를 구하는 게 아니라 너를 구하는 거야" — 브랜드 직접 메시지 같은 느낌 (자조적 톤이 들어가야 할 자리에 감성적 조언으로 넘어감)

- 훅의 스크롤 정지력: 22/25
  - 제목 강함 ("놓치는 3가지 신호")
  - 다만 예측 가능한 연애 조언 구조 -3점

**Roy Lee 감점 항목 적용:**
- 브랜드 직접 언급/광고 느낌: -7점 ("관계를 구하는 게 아니라 너를 구하는 거야" — 너무 훈계조)

**소계: 72점**

---

### 타깃 유저 (독자 심사관): 80/100

**채점 내역:**
- "내 얘기인가?": 22/25
  - 타깃(연애 초반 갈등 경험자)에게 매우 구체적
  - 3가지 신호 모두 실제 상황 (SNS vs DM, 미래 대화, 싸움 후 일방 설명)
  - **감점 -3점**: 너무 부정적 신호에만 집중 (양지간 관계자는 제외된 느낌)

- 저장하고 싶은가?: 18/25
  - 정보 가치는 높음 (체크리스트 기능)
  - **감점 -7점**: 재작성 조언이 부족 ("지금 바로 대화해"는 너무 일반적)

- 댓글 달고 싶은가?: 21/25
  - 의견 표현 충동 강함 (동의/반박/경험 공유)
  - 다만 조금 뻔한 결말 -4점

- 읽기 편한가?: 25/25
  - 길이 적당 (6줄 초과 12줄 미만 적정)
  - 줄바꿈 명확, 숫자로 구조화됨

**소계: 80점**

---

### 편집장 (품질 심사관): 77/100

**채점 내역:**
- AI slop 패턴 검사: 18/25
  
  **감지된 패턴:**
  1. **패턴 #9 (부정 병렬 구조)**: "SNS에는 열심히 활


--- AUDIT AT 2026-04-07T15:54:31.039Z ---
# 심사 결과 요약
**평균 점수: 78점**
**합격 여부: FAIL**

---

## 상세 심사

### Roy Lee (바이럴 심사관): 72/100

**채점 세부:**
- 50% 혐오 테스트 통과 (25점): **23점** ✓ 점집 vs AI라는 명확한 이분법으로 기존 업계를 깎아내려는 각도 존재. 기존 점집 종사자들의 반발 예상 가능.
- 공유 유발 요소 (25점): **20점** △ 댓글 유발은 강함(반박 구조). 하지만 저장/재참고 가치는 낮음. 일회성 논쟁에 그칠 가능성.
- 논란 각도가 브랜드 DNA와 일치 (25점): **18점** △ 브랜드 보이스가 명확하지 않음. AI 옹호 포지션인데, "미신"이라고 스스로 인정하면서 설득력 약화.
- 훅이 스크롤을 멈추게 하는가 (25점): **22점** ✓ "기존 점집 가본 적 있어?"는 즉각적 참여 유발. 다만 예측 가능한 AI 찬양 구조로 끝남.

**감점:**
- 광고성 강함 (AI 서비스 홍보): -7점

---

### 타깃 유저 (독자 심사관): 75/100

**채점 세부:**
- "내 얘기인가?" (25점): **18점** △ 점집 경험자에게만 공감. 대부분의 타깃(AI 관심층)은 이미 점집을 안 간다. 구체적 고통점 부재.
- 저장하고 싶은가? (25점): **15점** ✗ 실질적 정보 0. "AI가 싸다"는 관찰만 있고, 실제로 어떤 인사이트를 얻을 수 있는지 미제시.
- 댓글 달고 싶은가? (25점): **24점** ✓ 논쟁 구조로 댓글 유발 강함. 첫 댓글도 명확한 반박으로 이어짐.
- 읽기 편한가? (25점): **22점** ✓ 길이 적절(6-12줄 범위 내), 줄바꿈 명확.

**감점:**
- 너무 광범위해서 아무도 내 얘기 아닌 느낌: -4점 (실제 타깃층은 점집과 AI를 선택지로 두지 않음)

---

### 편집장 (품질 심사관): 85/100

**채점 세부:**
- AI slop 패턴 검사 (25점): **22점** △ 
  - **패턴 #1 발견:** "근데 넌 왜 기존 점집은 믿으려고 하면서 AI는 안 믿어?" → 과장된 중요성 + 가짜 범위 제시
  - **패턴 #9 발견:** "근데 사주는 미신이잖아?" → 부정 병렬 구조 (부정 → 인정)
  - **패


--- AUDIT AT 2026-04-07T15:54:32.036Z ---
# 심사 결과 요약
**평균 점수:** 78점
**합격 여부:** FAIL (재작성 필요)

---

## 상세 심사 내용

### Roy Lee (바이럴 심사관): 72/100

**세부 채점:**
- 50% 혐오 테스트 통과 (25점): **20점** 
  - 점집/타로를 폄하하는 각도가 명확하나, "50% 싫어할" 수준의 강한 논란은 부족. 오히려 공감대가 넓은 편.
  
- 공유 유발 요소 (25점): **22점**
  - 댓글과 저장 유발 가능하나, 공유 임팩트는 중간 수준. "넌 지금 뭘 믿고 있어?"의 질문은 좋으나 충분히 날카롭지 않음.
  
- 논란 각도와 브랜드 일치 (25점): **18점**
  - 브랜드 보이스가 무엇인지 불명확. 만약 'AI 신뢰' 브랜드라면 일관성 있으나, 포스트 자체가 너무 관념적이고 추상적. 기존 점술 폄하가 브랜드 DNA와 연결되지 않음.
  
- 훅의 강도 (25점): **12점** ⚠️
  - 첫 문장은 강하지만, 구조상 "점집-타로-AI" 3항 비교로 예측 가능한 흐름. 스크롤 정지 임팩트 약함.

**감점:**
- 예측 가능한 결말 구조: -10점 (3항 비교 → 셋째가 답이라는 "뻔한" 전개)
- 브랜드 직접 논리 강요 ("AI는 달라", "니 행동을 바꿀 수 있는 게 하나뿐이다"): -8점

---

### 타깃 유저 (독자 심사관): 74/100

**세부 채점:**
- "내 얘기인가?" (25점): **18점** ⚠️
  - 연애 고민이 있는 사람은 공감하나, 포스트가 **AI의 우월성 주장**에 집중되어 있음. 실제 독자의 고민(연애)보다는 "AI 신뢰하기"가 메시지. 너무 추상적.
  
- 저장하고 싶은가? (25점): **16점**
  - 재참고 가치가 낮음. "니 패턴을 인식하면 바뀐다"는 insight는 있으나, 구체적 액션 아이템이 없음. 나중에 꺼내 읽을 이유 약함.
  
- 댓글 달고 싶은가? (25점): **22점**
  - 댓글 유발성은 중간~좋음. "넌 뭘 믿고 있어?"는 좋은 질문이지만, 첫 댓글이 이미 "사실 기존 점집도 조언은 준다"며 주제를 흐림.
  
- 읽기 편한가? (25점): **18점** ⚠️
  - 줄바꿈 


--- AUDIT AT 2026-04-07T15:54:33.919Z ---
# 【심사 결과 요약】
**평균 점수: 87점**
**합격 여부: FAIL**

---

## 【상세 심사 내용】

### Roy Lee (바이럴 심사관): 88/100

**채점 세부:**
- 50% 혐오 테스트 통과: 23점 (남성 혐오 각도가 명확하지만, 일부는 "공감"으로 수용 가능)
- 공유 유발 요소: 25점 (저장/공유 강하게 유발, #연애고민으로 커뮤니티 형성)
- 논란 각도 × 브랜드 DNA 일치: 23점 (여성혐오 vs 남성혐오 논란 가능성 있음)
- 훅 강도: 25점 (첫 문장 "남자가 놓치는 3가지"는 즉각적 반응 유발)

**감점:**
- "너는 우선순위 밖이야" 등 선동적 표현 강도 대비 브랜드 일관성 미흡: -5점
- 예측 가능한 결말 구조 (신호 3개 → 결론): -7점

---

### 타깃 유저 (독자 심사관): 86/100

**채점 세부:**
- "내 얘기인가?": 24점 (특정 여성층 강하게 공감, 하지만 모든 여성 독자를 포함하지 못함)
- 저장하고 싶은가?: 24점 (구체적 신호 3가지는 저장 가치 있음)
- 댓글 달고 싶은가?: 24점 (동의/반박 욕구 높음, 하지만 자신의 의견 추가 여지 적음)
- 읽기 편한가?: 24점 (6줄 이상 12줄 이하로 적절, 줄바꿈 명확)

**감점:**
- 첫 댓글이 "다 놀고 있는 거야"로 너무 결론화되어 토론 여지 축소: -5점
- 2번과 3번 항목이 대상 범위가 넓어 "모든 남자"에 가까운 느낌: -9점

---

### 편집장 (품질 심사관): 85/100

**AI Slop 24패턴 체크:**

**발견된 위반:**
- **패턴 1 (과장된 중요성)**: "후회하는 것보다 지금 깨닫는 게 낫다" - 필요 이상 중요성 부여
- **패턴 8 (대리 동사)**: 없음 ✓
- **패턴 21 (필러 표현)**: "솔직히" (첫 댓글) - 필러 표현 사용
- **패턴 24 ("Not X, It's Y" 구조)**: "그건 관계가 아니라 시간 때우기야", "그건 X가 아니야. Y야" 구조 2회 반복

**금지 어휘 체크:**
- ❌ "활용하다", "다양한", "혁신", "효과적" 등: 없음 ✓
- ❌ "~해야 합니다": 없음 ✓
- 문체는 자연스러운 


--- AUDIT AT 2026-04-07T15:55:18.266Z ---
# 심사 결과 요약
**평균 점수: 58.3점**  
**합격 여부: FAIL**

---

## 상세 심사 내용

### Roy Lee (바이럴 심사관): 45/100

**세부 채점:**
- 50% 혐오 테스트 통과: 12/25 (사주·궁합 주제는 논쟁 가능하지만, 실제로는 신뢰하는 층과 무시하는 층의 대립이 약함)
- 공유 유발 요소: 15/25 (저장하고 싶은 체크리스트 형식이 있지만, 댓글/공유 유발이 약함)
- 논란 각도와 브랜드 일치: 10/25 (사주/궁합이라는 주제 자체는 논란이지만, 포스트 톤이 중립적이고 도그마틱하지 않아 임팩트 약함)
- 훅의 강도: 8/25 (제목이 일반적이고, 첫 문장이 "조심해야 할 3가지"로 예측 가능함)

**감점:**
- 예측 가능한 결말 구조 (숫자 리스트 형식): -15점
- "체크리스트처럼 꺼내봐"는 모두를 위한 실용적 메시지로 느껴짐: -5점

**비평:** 훅이 너무 약하고 논란 각도가 모호해서 실제 바이럴 가능성이 낮음.

---

### 타깃 유저 (독자 심사관): 62/100

**세부 채점:**
- "내 얘기인가?": 18/25 (연애 고민 20대에게 관련성은 있지만, 사주·궁합이라는 매우 특정 신념을 전제하고 있어 모두의 얘기는 아님)
- 저장하고 싶은가?: 16/25 (체크리스트 형식은 실용적이지만, 사주 신뢰도가 낮은 유저는 저장 가치 못 느낌)
- 댓글 달고 싶은가?: 14/25 (2번 항목이 구체적이지만, 전체적으로 의견 표명 유발이 약함)
- 읽기 편한가?: 14/25 (줄바꿈과 길이는 괜찮으나, 각 항목이 표면적이라 깊이 있게 읽히지 않음)

**감점:**
- 너무 광범위하지는 않지만, 사주 신뢰도에 따라 타깃이 극명하게 나뉨: -10점

**비평:** 타깃이 명확하지 않고, 사주·궁합을 기반한 조언이라 특정 신념층만 공감함.

---

### 편집장 (품질 심사관): 67/100

**세부 채점:**
- AI Slop 패턴: 18/25
  - ✅ 금지 어휘 검사: 통과
  - ❌ **패턴 #24 발견**: "X 하지 말고 Y 하세요" 구조가 반복 ("~하고 만나는 거" → "~하는 게 시간 


--- AUDIT AT 2026-04-07T15:55:18.297Z ---
# 심사 결과

**평균 점수: 87점**
**합격 여부: FAIL**

---

## 상세 심사 내용

### Roy Lee (바이럴 심사관): 88/100

**세부 채점:**
- 50% 혐오 테스트 통과 (25점): 23점 ✓
  - 점집·사주에 대한 명확한 입장 (비판) → 신념 강함
  - 다만 "점쟁이를 폄하한다"고 느낄 사람도 있어 100% 분극은 아님

- 공유 유발 요소 (25점): 24점 ✓
  - 댓글 욕구 높음 (공감/반박 모두 유발)
  - 저장은 약함

- 논란 각도 vs 브랜드 일치 (25점): 22점 ⚠️
  - 자기계발 계정이 "행동 강조"는 일관성 있음
  - 하지만 해시태그 #자기계발만으로는 브랜드 보이스가 모호함

- 훅 강도 (25점): 24점 ✓
  - "점집 다녀온 지 1년 됐어?" → 즉각적 공감 유발
  - 스크롤 멈추는 힘 충분

**감점 항목:** 없음

---

### 타깃 유저 (독자 심사관): 86/100

**세부 채점:**
- "내 얘기인가?" (25점): 23점 ✓
  - 연애/취업 사례가 구체적 → 타깃 감정 건드림
  - 다만 "점집을 믿는 사람"이 아닌 이상 거리감 있을 수 있음

- 저장하고 싶은가? (25점): 20점 ⚠️
  - 철학적 깨달음 ("운은 만드는 것")은 가치 있음
  - 하지만 **실질적 액션 가이드 부족** → "어떻게 기술을 배울 건데?" 같은 궁금증 남음

- 댓글 달고 싶은가? (25점): 24점 ✓
  - 첫 댓글이 즉시 달린 것이 증거
  - 동의/반박 모두 가능한 구조

- 읽기 편한가? (25점): 22점 ⚠️
  - 길이는 적절 (7줄)
  - 다만 **문장 호흡이 길어진 부분 있음** 
    - "너한테 필요한 건 '운명의 예언'이 아니라 '현실의 선택지'." → 명확하지만 청각적 리듬 약함

**감점 항목:** -3점 (실제 액션 부재로 저장 가치 감소)

---

### 편집장 (품질 심사관): 87/100

**세부 채점:**
- AI Slop 24패턴 (25점): 24점 ✓
  - **패턴 #22 발견: "바꿔" vs "바뀌지만 넌 안 바꿨어"** 
    - 미세하지만 과도한 헤징 느낌 있음 (거의 없는 수준)
  - 나


--- AUDIT AT 2026-04-07T15:55:25.301Z ---
【심사 결과 요약】
평균 점수: 72점
합격 여부: FAIL

---

## 상세 심사 내용

### Roy Lee (바이럴 심사관): 65/100

**채점 분석:**
- 50% 혐오 테스트 (25점): **18점** — 공감대 형성이 강하지만, "불안감을 채우려고 싸우고 있어"는 일부 독자에게 뜨끔할 수 있음. 다만 강력한 분열각이 부족.
- 공유 유발 요소 (25점): **20점** — 저장/댓글 유발은 충분하나, 선택지 체크리스트 포맷이 다소 예측 가능.
- 논란 각도 vs 브랜드 DNA (25점): **15점** — 감점: 사주/타로 깎아내리기는 논란 각도가 있지만, 브랜드 보이스가 모호함. "일관된 어조"로 보이려 다양성이 떨어짐.
- 훅 (25점): **12점** — 감점 -15점: "연애 3개월 차인데 자꾸 헤어질까봐 불안해?"는 너무 예측 가능한 Q&A 구조. 스크롤을 멈추기보다 '또 이런 조언 글이네' 느낌.

**Roy Lee 감점:**
- 예측 가능한 결말 -15점 (체크리스트 → 결론 구조)

---

### 타깃 유저 (독자 심사관): 71/100

**채점 분석:**
- "내 얘기인가?" (25점): **20점** — 연애 초기 불안감은 구체적이나, 3개월 타이밍이 모든 사람에게 해당하지 않음. 감정은 건드리나 보편성 부족.
- 저장하고 싶은가? (25점): **18점** — 인사이트는 있으나 ("불안감을 채우려고 싸우고 있어") 실질적 해결책이 모호. "대화해"는 너무 추상적.
- 댓글 달고 싶은가? (25점): **22점** — 실제 첫 댓글 보면 질문이 나옴 ("물어보면 돼? 아니면 자연스럽게?"). 충동 유발 성공.
- 읽기 편한가? (25점): **11점** — 감점 -10점: 6줄 미만(5줄) + 불릿이 너무 짧아서 맥락 이해 필요. 가독성 확인 어려움.

**타깃 유저 감점:**
- 길이 미달 (6줄 미만) -10점

---

### 편집장 (품질 심사관): 79/100

**채점 분석:**
- AI slop 없음 (25점): **23점** — 감점 -2점
  - 패턴 #21 **필러 표현**: "사주나 타로로 '언제 헤어져?' 묻기 전에" (불필요한 상황 설정)
  - 패턴 #24 **"Not X, It's Y" 구조**: "불안을 신뢰로 바꾸는 건 점술


--- AUDIT AT 2026-04-07T15:55:26.272Z ---
# 심사 결과 요약
**평균 점수: 78점**
**합격 여부: FAIL**

---

## 상세 심사 내용

### Roy Lee (바이럴 심사관): 72/100

**채점 세부:**
- 50% 혐오 테스트 통과 (25점): **23점** — 연애 초반 남성의 조종 행동을 명확히 건드리긴 하나, 성별 갈등 각도가 아직 약함
- 공유 유발 요소 (25점): **25점** — 저장/공유 욕구 강함. "#연adhock심" 핸들이 공유 의도 명확
- 논란 각도 vs 브랜드 DNA (25점): **18점** — 타겟이 연애 초반 여성이라 명확하지만, "공략 모드"라는 표현이 약간 일반화되어 있음. 더 구체적 브랜드 보이스 필요
- 훅이 스크롤 정지 (25점): **25점** — "반드시 조심해야 할 3가지" + 구체적 신호들이 강력함

**감점 항목:**
- 예측 가능한 결말 (-15점): "지금 거르는 게 나중에 낭비하는 것보다 낫다"는 너무 단순한 클로징

**Roy Lee 코멘트:** 훅은 강하지만 논란 각도가 아직 약해. 더 날카로운 브랜드 톤 필요.

---

### 타깃 유저 (독자 심사관): 81/100

**채점 세부:**
- "내 얘기인가?" (25점): **24점** — 연애 초반 여성이라면 매우 구체적으로 공감. 다만 남성 독자층도 읽을 수 있도록 더 확장되면 좋겠음
- 저장하고 싶은가? (25점): **22점** — 체크리스트로 사용할 수 있어 저장 가치 있으나, "공략 모드"의 근거가 약해서 깊이 부족
- 댓글 달고 싶은가? (25점): **20점** — 첫 댓글에서 "2번은 진짜 겪어봐야 알겠지만 늦어"라는 공감이 있지만, 포스트 자체가 토론을 깊게 유도하지 못함
- 읽기 편한가? (25점): **25점** — 명확한 3단계 구조, 짧은 문장, 좋은 가독성

**감점 항목:**
- 없음 (길이 6-12줄 충족)

**타깃 유저 코멘트:** 구체적 상황은 좋지만 "왜 이게 신호인가?"에 대한 더 깊은 인사이트가 필요.

---

### 편집장 (품질 심사관): 85/100

**채점 세부:**
- AI Slop 패턴 체크 (25점): **22점** — 패턴 24개 중 감지됨:
  - **패턴 #1** (과장된 중요성): "반드시 조심해야 할" ✓
  - **패턴 #9** (부정 병렬): "


--- AUDIT AT 2026-04-07T15:55:55.718Z ---
# 심사 결과 요약
**평균 점수: 78점**
**합격 여부: FAIL**

---

## 상세 심사

### Roy Lee (바이럴 심사관): 72/100

**채점 내역:**
- 50% 혐오 테스트 통과 (25점): 23점
  - "불안감으로 현재를 망친단" 표현이 과도하게 한쪽 편을 책잡는 느낌. 일부는 공감하지만 상당수는 거부감.
  
- 공유 유발 요소 (25점): 18점
  - 훅은 강하나, 결말이 예측 가능 ("연애는 계산이 아니라 흐름이다" → 이미 제목에서 암시됨)
  - 저장/공유 동기는 약함
  
- 논란 각도와 브랜드 DNA 일치 (25점): 22점
  - 브랜드 보이스는 일관되지만, 구체적 브랜드 포지셔닝이 불명확
  
- 훅 강도 (25점): 24점
  - 첫 문장은 강함 (✓)

**감점:**
- 예측 가능한 결말: -15점

---

### 타깃 유저 (독자 심사관): 75/100

**채점 내역:**
- "내 얘기인가?" (25점): 24점
  - 매우 구체적인 상황들 (카톡 읽은 시간, SNS 패턴 분석)
  - 타깃(불안감 있는 20-30대 연애 경험자)의 상황을 정확히 건드림 (✓)
  
- 저장하고 싶은가? (25점): 18점
  - 정보/인사이트라기보다 감정 공감 중심
  - "나중에 다시 보고 싶다"는 실행 동기 약함
  
- 댓글 달고 싶은가? (25점): 22점
  - 의견 표명 욕구는 있으나, 첫 댓글이 이미 "맞다, 이거지"로 정답을 주어서 추가 댓글 생성성 낮음
  
- 읽기 편한가? (25점): 25점
  - 짧고, 명확한 구분, 좋은 가독성 (✓)

**감점:**
- 없음

---

### 편집장 (품질 심사관): 86/100

**채점 내역:**
- AI slop 패턴 (25점): 21점
  - **패턴 #2 위반**: "AI도 데이터로 미래를 예측하지만" → 근거 없는 권위 인용 (출처 없음)
  - **패턴 #21 위반**: "중요한 건" (필러 표현 포함)
  - **패턴 #3 조심**: "-ing형" 사용은 없으나 구조 경계
  
- 자연스러운 한국어 문체 (25점): 25점
  - 구어체, 친구 톤 우수 (✓)
  
- 브랜드 금지 표현 (25점): 24점
  - 대체로 깔끔하나, "확률 게임처럼" = 약간의 은유


--- AUDIT AT 2026-04-07T15:55:56.036Z ---
# 【심사 결과 요약】
**평균 점수: 78점**
**합격 여부: FAIL**

---

# 【상세 심사 내용】

## Roy Lee (바이럴 심사관): 72/100

**세부 채점:**
- 50% 혐오 테스트 통과: 22/25 (사주 찾는 사람을 약간 비아냥거리는 각도 있으나, 강렬하지 않음)
- 공유 유발 요소: 20/25 (댓글 충동은 유발하나, 저장/공유 욕구는 약함)
- 논란 각도 vs 브랜드 DNA: 18/25 (자기 신뢰 주제는 일관성 있으나, 사주 비판이 다소 뻔함)
- 훅의 강도: 20/25 (첫 장면은 구체적이나, "10만원짜리"의 구체성이 약간 떨어짐)

**감점 항목 적용:**
- "그냥 그 희망에 값을 매겼을 뿐이야" → 예측 가능한 결말 냄새 (-8점)
- 대시(—) 1회 사용은 무방

**Roy Lee 평가:** 논란 각도가 있지만 이미 많이 본 "자기 신뢰" 주제라 바이럴력 제한적. 훅이 다소 약하고 결말이 예상 범위 내.

---

## 타깃 유저 (독자 심사관): 82/100

**세부 채점:**
- "내 얘기인가?": 22/25 (사주 경험자에게만 강하게 공감. 비경험자는 거리감 느낌)
- 저장하고 싶은가: 20/25 (인사이트는 있으나, 실질적 조언이 부족해 재독 가치 중간)
- 댓글 달고 싶은가: 24/25 (마지막 문장 "#진로고민"이 직접적 반박 유도 → 댓글 충동 높음)
- 읽기 편한가: 22/25 (길이 적절(8줄), 줄바꿈 좋음. 다만 두 번째 단락이 조금 무거움)

**감점 항목 적용:**
- 없음

**타깃 유저 평가:** 사주 경험자 입장에서 강한 공감. 댓글 유도는 우수하나, 일반 독자의 포용도가 낮음.

---

## 편집장 (품질 심사관): 84/100

**세부 채점:**
- AI slop 패턴: 23/25 
  - **적발된 패턴:**
    - 패턴 #9 "부정 병렬 구조": "그냥 그 희망에 값을 매겼을 뿐이야" (이미 암시된 내용을 비정 형태로 재표현)
    - 패턴 #21 "필러 표현": "그래서 비싼 거고" (약간의 논리적 비약)
  - 감점: -2점

- 자연스러운 한국어 문체: 24/25 (거의 완벽한 구어체. "니 운명을 읽는 


--- AUDIT AT 2026-04-07T15:55:56.203Z ---
# 【심사 결과 요약】
**평균 점수: 72점**
**합격 여부: FAIL**

---

## 상세 심사

### Roy Lee (바이럴 심사관): 68/100

**배점별 평가:**
- 50% 혐오 테스트 통과 (25점): **20점** → 사주/점집 비판은 갈리지만, "합리주의자들이 자기 실수를 못 본다"는 표현이 다소 약함. 더 신랄한 각도 필요.
- 공유 유발 요소 (25점): **18점** → "#심리" 해시태그는 약하고, 댓글 유발은 "반박할 수 있어"로 시도했으나 직접성 부족.
- 논란 각도와 브랜드 일치 (25점): **15점** → 브랜드가 불명확함. 심리 상담사? 사주가 아닌 자기 인식 컨설턴트? 톤이 섞여 있음.
- 훅 강도 (25점): **15점** → "완전 틀렸어"는 좋으나, 2-3줄 이후 설명 모드로 전환되며 스크롤 멈춤력 감소.

**감점:**
- 포스트 말미 "그건 이미 선택한 거라고"가 브랜드 직접 메시지처럼 느껴짐: **-5점**

---

### 타깃 유저 (독자 심사관): 71/100

**배점별 평가:**
- "내 얘기인가?" (25점): **17점** → "넌 왜 그런 선택을 자꾸 반복하는지"는 구체적이지만, **누구의 이야기**인지 명확하지 않음. 사주에 관심 많은 사람? 자기 반복 패턴이 걱정되는 사람? 타깃이 흐릿함.
- 저장하고 싶은가? (25점): **19점** → 심리 통찰은 있지만 **실질적 액션** 없음. "뭘 원하는 사람인지부터 알아야 해"(댓글)로 마무리되는데 방법론이 없음.
- 댓글 달고 싶은가? (25점): **20점** → "반박할 수 있어"라는 도발은 좋으나, 너무 관념적이라 실제 댓글보다는 '감정적 반응'만 유발.
- 읽기 편한가? (25점): **15점** → 6줄 초과 12줄 미만이지만, 번호 매김(1️⃣2️⃣3️⃣)이 모바일에서 시각적 혼란 유발. 긴장감과 이완의 리듬이 불균형.

**감점:**
- 타깃 범위가 너무 넓음 (사주 관심자 + 합리주의자 + "너희"): **-10점**

---

### 편집장 (품질 심사관): 76/100

**배점별 평가:**
- AI slop 패턴 검사 (25점): **19점**
  - **적발 패턴:**
    - 패턴 #3: "-ing형 수식어" → "


--- AUDIT AT 2026-04-07T15:56:00.219Z ---
# 【심사 결과 요약】
**평균 점수: 72점**
**합격 여부: FAIL**

---

## 【상세 심사 내용】

### Roy Lee (바이럴 심사관): 68/100

**세부 채점:**
- 50% 혐오 테스트: 20/25 (남성혐오 각도로 일부 반발 예상되나 약함)
- 공유 유발 요소: 22/25 (공감과 댓글 유발은 강하나 저장 가치 미흡)
- 논란 각도 일치성: 18/25 (브랜드 보이스가 다소 모호함)
- 훅 강도: 18/25 (제목은 관심 끌지만 본문 흐름이 예측 가능)

**감점 사유:**
- 예측 가능한 결말 구조 (-15점): "3가지 신호 → 해당되면 대화해" 공식이 너무 뻔함
- 제목만 강하고 본문 임팩트 약함

---

### 타깃 유저 (독자 심사관): 75/100

**세부 채점:**
- "내 얘기인가?": 24/25 (20대 연애 초반 여성에게 매우 구체적)
- 저장하고 싶은가: 18/25 (감정 공감은 되지만 재사용 가치 부족 — 일회성)
- 댓글 달고 싶은가: 22/25 (공감하고 경험 공유하고 싶음)
- 읽기 편한가: 23/25 (적절한 길이, 명확한 구조)

**감점 사유:**
- 저장 가치 낮음: 인사이트보다 감정 공감에 치우침

---

### 편집장 (품질 심사관): 71/100

**세부 채점:**
- AI slop 패턴: 20/25 (**AI 패턴 3개 적발**)
- 자연스러운 한국어: 23/25 (구어체 잘 살음)
- 금지 표현 준수: 18/25 (**2개 적발**)
- 공식 충실도: 20/25 (경고형 구조는 맞으나 변칙 미흡)

**적발된 AI 패턴:**
1. **패턴 #24 "Not X, It's Y" 구조**: "진짜 관심 없는 거 아니면 숨기는 거야. 둘 다 위험신호" — "둘 다 위험신호야"로 직접 표현해야 함
2. **패턴 #1 과장된 중요성**: "3개월 뒤에 후회하는 것보다 지금 불편한 게 낫더라" — 근거 없는 시간 단위 제시
3. **패턴 #9 부정 병렬 구조**: "우선순위에서 넌 아래쪽이야" (부정 전제 + 결론) — 불필요한 부정

**금지 어휘 2개:**
- `활발한` (→ "자주 SNS 올린다" 또는 구체적 행동으로)
- `무언의 신호` (→ 직접: "공개하고 싶지 않다는 


--- AUDIT AT 2026-04-07T15:56:26.137Z ---
# 【심사 결과 요약】
**평균 점수: 72점**
**합격 여부: FAIL**

---

## 【상세 심사 내용】

### Roy Lee (바이럴 심사관): 65/100

**세부 채점:**
- 50% 혐오 테스트 통과: 20/25 (감정적 불안정을 직접 지적하는 각도는 있으나, 진부한 연애조언 프레임)
- 공유 유발 요소: 18/25 (댓글 욕구는 있으나 저장/공유 강도 약함)
- 논란 각도와 브랜드 일치: 15/25 (논란 각도 자체가 약하고 주제 범위가 모호)
- 훅의 스크롤 정지력: 12/25 (질문형 훅이 있으나 결국 예측 가능한 "불안정 상태" 결말 -15점)

**감점 사항:**
- "중요한 건" (필러) -5점
- 예측 가능한 결말: -15점

---

### 타깃 유저 (독자 심사관): 74/100

**세부 채점:**
- "내 얘기인가?": 20/25 (연애 불안감을 다루지만, 4가지 증상이 너무 광범위해서 "정말 나인가?" 모호함)
- 저장하고 싶은가: 16/25 (마지막 한 줄은 기억할 만하지만, 그 이상의 구체적 인사이트/액션 부족)
- 댓글 달고 싶은가: 22/25 (공감과 공유 욕구는 높음)
- 읽기 편한가: 16/25 (문단 구조는 괜찮으나 첫댓글이 추가로 메시지를 산만하게 함)

**감점 사항:**
- 너무 광범위한 타깃팅 (4개 증상이 겹치지 않음): -10점

---

### 편집장 (품질 심사관): 79/100

**세부 채점:**
- AI slop 패턴: 22/25 (**24패턴 중 발견된 것:**)
  - 패턴 #1: "중요한 건" (필러 표현) ✗
  - 패턴 #21: "솔직한데" (필러) ✗
  - 패턴 #9: "이 상태가 아니라 저 상태야" 부정 병렬 사용
  
- 자연스러운 한국어 문체: 22/25 (구어체는 좋으나 "감정적 불안정"의 용어가 다소 경직됨)
- 브랜드 금지 표현: 25/25 (통과)
- 공식 충실도: 10/25 (**공식 구조 부재** - warning/contrarian 공식 미적용, 단순 조언으로 끝남)

**감점 사항:**
- 패턴 #1, #21 감지: -15점

---

## 【재작성 지시】

**Roy Lee 피드백:** 훅을 더 극단적으로, 결말을 반전시켜야 함. "감정적 불안정"이라는 진단은 너무 뻔함


--- AUDIT AT 2026-04-07T15:56:29.620Z ---
# 심사 결과 요약
**평균 점수: 72점**
**합격 여부: FAIL**

---

## 상세 심사 내용

### Roy Lee (바이럴 심사관): 68/100

**개별 항목 점수:**
- 50% 혐오 테스트 통과: 20/25 (연애 선택지가 명확한 입장차를 만들지만, 극단적 논란 각도 부족)
- 공유 유발 요소: 18/25 (댓글 유도는 강하나, 저장/공유 동기는 약함)
- 논란 각도와 브랜드 DNA 일치: 15/25 (감정적 순간을 다루지만, 명확한 브랜드 보이스 부재)
- 훅의 강도: 15/25 (이야기는 있으나 스크롤 정지력이 약함—"새벽 2시" 자체는 클리셰)

**감점 항목:**
- "다시 시작" 표현이 너무 예측 가능: -15점
- 이모지 남발로 광고 느낌: -10점

**Roy Lee 평가:** 감정 카드에만 의존하고, 논쟁의 여지가 충분하지 않음. 3번 선택지의 조롱 톤이 약할 뿐.

---

### 타깃 유저 (독자 심사관): 71/100

**개별 항목 점수:**
- "내 얘기인가?": 22/25 (연애 고민자에게는 와닿으나, 구체적 상황의 깊이 부족)
- 저장하고 싶은가?: 16/25 (감정적 공감은 있으나 재방문할 실질적 가치/인사이트 없음)
- 댓글 달고 싶은가?: 20/25 (선택지 투표 구조가 댓글을 유도하긴 함)
- 읽기 편한가?: 18/25 (짧은 길이는 좋으나, 본문 자체가 너무 단편적)

**타깃 유저 평가:** 공감은 하지만 "깊이"가 없음. 첫 댓글이 더 유의미한 인사이트를 제공하는 역설 발생.

---

### 편집장 (품질 심사관): 77/100

**개별 항목 점수:**
- AI slop 패턴 검사: 20/25
  - ⚠️ **패턴 적중:**
    - #17: 이모지 남발 (1️⃣2️⃣3️⃣, #연애고민)
    - #3: -ing형 수식어 ("떨리는 손으로", "돌아온 이유")
    - #24: "Not X, It's Y" 구조 다수 사용 ("다시 시작하기로 한다 / 신중함을 지킨다")
  
- 자연스러운 한국어 문체: 22/25 (구어체이나, 첫 댓글의 톤이 본문보다 훨씬 자연스러움)
- 브랜드 금지 표현: 24/25 (금지 어휘 직접 위반 없음)
- 공식 충실도: 11/25 (contrarian 또


--- AUDIT AT 2026-04-07T15:56:43.196Z ---
# 【심사 결과 요약】
**평균 점수: 72점**
**합격 여부: FAIL**

---

## 상세 심사

### Roy Lee (바이럴 심사관): 68/100

**세부 채점:**
- 50% 혐오 테스트 통과 (25점): **20점** — 여성혐오 각도가 분명함. "숨기고 싶은 거" 프레이밍이 상대방 의도를 일방적으로 해석. 남녀가 모두 거부감을 느낄 수 있으나, 여성 입장에서는 강한 불쾌감 유발.
- 공유 유발 요소 (25점): **22점** — 저장/공유 욕구 강함. 특히 "주변에 헷갈리는 친구 있으면 공유해줘"가 명시적 공유 유도. 댓글 유도도 좋음.
- 논란 각도가 브랜드 DNA와 일치 (25점): **18점** — 브랜드가 연애 조언 계정이라면 일관성 있지만, **"진심 있는 남자는 1달 안에 소개함"** 같은 정답주의는 자극적이되 위험함. 브랜드 신뢰도 손상 가능성.
- 훅이 스크롤을 멈추게 하는가 (25점): **8점** — 제목이 너무 평범. "위험 신호 3가지"는 수많은 연애 계정에서 쓰는 클리셰. 더 구체적/예측 불가능한 앵글 필요.

**감점:**
- 브랜드 직접 언급은 없으나, **정답주의와 일반화** (-10점 추가): "진심 있는 남자는", "준비 안 된 사람"이 너무 절대적.

---

### 타깃 유저 (독자 심사관): 71/100

**세부 채점:**
- "내 얘기인가?" (25점): **22점** — 연애 초기 여성이 강하게 공감. 특히 2번(SNS)과 3번(친구 소개)은 정확한 상황. 하지만 **1번은 모호함**. "연애 안 해본 지 오래"는 남성/여성 가리지 않고, 이후 "돌변"이 되는 메커니즘이 설명 부족.
- 저장하고 싶은가? (25점): **20점** — 실제 체크리스트로 유용. 하지만 **이후 행동(떨어지는 방법, 대응)이 없어서** 저장 가치 반감.
- 댓글 달고 싶은가? (25점): **23점** — 높음. 첫 댓글이 이를 증명. 의견 개입 욕구 강함.
- 읽기 편한가? (25점): **6점** — **심각한 가독성 문제**. 6줄인 건 좋으나, **문장이 너무 길고 중첩됨**. "난 연애 안 해본 지 오래라" → 긴 설명의 구조가 한 호흡에 이어져 답답함.

**감점:**
- 길이는


--- AUDIT AT 2026-04-07T15:57:00.894Z ---
# 【심사 결과 요약】
**평균 점수: 72점**
**합격 여부: FAIL**

---

## 【상세 심사 내용】

### Roy Lee (바이럴 심사관): 68/100

**채점 세부:**
- 50% 혐오 테스트 통과: 20/25 (여성혐오 논란 각도는 있으나 약함)
- 공유 유발 요소: 22/25 (댓글 유발은 강하나 저장성 낮음)
- 논란 각도와 브랜드 DNA 일치: 15/25 (연애 콘텐츠인데 남성 주도권 강조가 일관성 있으나, 너무 직설적)
- 훅 강도: 18/25 (첫 줄은 강하나 예측 가능한 결말)

**감점:**
- 예측 가능한 결말 구조 (-15점): "불안감" → "관심 보여줘" → "명확한 입장" 공식이 너무 뻔함
- 브랜드 직접 언급은 없으나, "#연애고민" 해시태그가 약간의 광고 냄새 (-5점)

---

### 타깃 유저 (독자 심사관): 76/100

**채점 세부:**
- "내 얘기인가?": 20/25 (남자 독자 기준으로 구체적이지만, 모든 남자에게 해당하지는 않음)
- 저장하고 싶은가: 18/25 (팁 형식이지만 깊이 부족, 다시 볼 이유 약함)
- 댓글 달고 싶은가: 22/25 (의견 표명 욕구는 강함)
- 읽기 편한가: 16/25 (6~12줄 기준 충족하나, 번호 매김으로 인한 단순함)

**감점:**
- 구체적 상황 부족 (-10점): "연락 주기 늘어난다" 예시가 너무 일반적

---

### 편집장 (품질 심사관): 72/100

**채점 세부:**
- AI slop 패턴 검사: 18/25 
  - 🚨 **적발된 금지 어휘:**
    1. "활용하다" 대신 표현 필요 없음 (통과)
    2. **"솔직히 말하면"** (패턴 #21 필러 표현) ❌
    3. **"많은 남자들이"** (패턴 #5 모호한 귀속) ❌
    4. **"그리고"로 시작** (금지 어휘 리스트) ❌
    5. **"-ing형 수식어"** ("표현하는 불안감을") 약간 ⚠️

- 자연스러운 한국어 문체: 20/25 (구어체 좋으나 "나중에 후회한다고"가 어색)
- 브랜드 금지 표현: 22/25 (대부분 준수)
- 포스트 공식 충실: 12/25 (경고/주장(contrarian) 공식이 약하고, 단순 '팁 나열'로 변질)

**감점:**
- AI 패턴 적발 (-8점):


--- AUDIT AT 2026-04-07T15:57:17.604Z ---
# 【심사 결과 요약】
**평균 점수: 78점**
**합격 여부: FAIL**

---

## 상세 심사 내용

### Roy Lee (바이럴 심사관): 72/100

**채점 세부:**
- 50% 혐오 테스트: 20/25 (남성혐오 각도가 있어 일부 반발 예상, 다만 약함)
- 공유 유발 요소: 22/25 (저장/공유 욕구 유발하지만 댓글은 약함)
- 논란 각도 × 브랜드 일치: 15/25 (논란이 있지만 브랜드 DNS 불명확 - 누구 계정인가?)
- 훅 강도: 18/25 (강하지 않음. "위험신호 3가지"는 예측 가능한 패턴)

**감점 사유:**
- 예측 가능한 결말 구조: -8점 (숫자형 리스트는 흔함)
- "꼭 읽어", "꼭 저장해" 등 모두를 위한 제스처: -5점

---

### 타깃 유저 (독자 심사관): 81/100

**채점 세부:**
- "내 얘기인가?": 21/25 (초기 연애 여성에게 구체적이지만, "처음 사귀는 애"는 범위가 넓음)
- 저장 가치: 22/25 (실제로 저장할 만한 참고 정보 있음)
- 댓글 욕구: 19/25 (공감은 있지만 의견 표명 강제성 약함)
- 가독성: 19/25 (6줄 초과는 아니지만 각 포인트가 너무 짧아 깊이 부족)

**감점 사유:**
- 포인트 3개가 모두 2-3줄로 너무 간결 → 실제 상황이 보이지 않음: -5점

---

### 편집장 (품질 심사관): 77/100

**AI Slop 24패턴 적발:**

| 패턴 | 적발 | 위치 |
|------|------|------|
| 2. 근거 없는 권위 | ✅ 적발 | "대부분 이러는 거야" (출처 없음) |
| 8. 대리 동사 | ✅ 적발 | "신호야" (뉘앙스상 동사화된 표현) |
| 21. 필러 표현 | ✅ 적발 | "근데", "근데" 반복 (2회) |
| 24. Not X, It's Y | ✅ 적발 | "흘러가는 거 아니라 '신호야'" |

**채점 세부:**
- AI Slop 패턴 검출: 18/25 (4가지 패턴 적발)
- 자연스러운 한국어: 21/25 (구어체는 좋으나 필러 과다)
- 금지 어휘 준수: 22/25 (금지 어휘는 없지만 뉘앙스상 문제)
- 공식 충실: 18/25 (contrarian 공식이라면 약함. 명확한 공식 선택 없음)

---

## 


--- AUDIT AT 2026-04-07T15:57:34.593Z ---
【심사 결과 요약】
**평균 점수: 78점**
**합격 여부: FAIL**

---

## 상세 심사

### Roy Lee (바이럴 심사관): 72/100

**채점 내역:**
- 50% 혐오 테스트 통과: 18/25
  (남성 독자층의 50% 정도는 "과도하게 일반화된 여성혐오 아닌가"라고 반발할 가능성 있음. 단, 완전히 혐오는 아니고 '조심 가이드' 느낌)
  
- 공유 유발 요소: 22/25
  (댓글 욕구 높음. 남자들이 "이거 맞음" vs "너무 심하다" 토론 유발 가능)
  
- 논란 각도와 브랜드 DNA 일치: 15/25
  (연애 조언 계정이라면 맞지만, 일반 개인 계정이면 "급진적 조언자" 포지셔닝이 명확하지 않음. 브랜드 보이스 일관성 약함)
  
- 훅의 스크롤 정지력: 17/25
  (제목은 강하지만, 본문이 예측 가능한 구조 → 감점 -15점 적용)

**감점:**
- 예측 가능한 결말(-15점): "신호를 놓치면 안 돼 → 지금 판단해야 해" 너무 뻔함
- 브랜드 보이스 불명확(-8점): 누가 말하는 건지, 어떤 관점인지 애매함

---

### 타깃 유저 (독자 심사관): 81/100

**채점 내역:**
- "내 얘기인가?": 23/25
  (남성 독자라면 매우 공감. 여성 독자라면 "나는 이렇지 않은데?" → 거리감)
  
- 저장하고 싶은가: 20/25
  (3가지는 구체적이고 행동 가능한 '신호'라 실용성 있음. 다만 깊이 있는 조언은 아님)
  
- 댓글 달고 싶은가: 22/25
  (댓글 욕구 높음. "이거 느꼈는데도 무시했어" 같은 공명 유발)
  
- 읽기 편한가: 16/25
  감점 -10점 (6줄 미만): 본문이 정확히 5줄이라 감점. 너무 짧아서 깊이 부족 느낌

---

### 편집장 (품질 심사관): 81/100

**AI Slop 패턴 검사:**
- 패턴 #1 (과장된 중요성): ✓ 적발
  "절대 놓치면 안 될" → 뉘앙스상 과장
  
- 패턴 #21 (필러 표현): ✓ 적발
  "사실 처음부터 신호는 다 보여" → 불필요한 필러
  
- 패턴 #24 ("Not X, It's Y"): ✓ 적발
  "이 타입은 나중에 '넌 날 묶으려고 했어'라고"


--- AUDIT AT 2026-04-07T15:57:51.644Z ---
【심사 결과 요약】
평균 점수: 76점
합격 여부: **FAIL** (재작성 필요)

---

## 상세 심사

### Roy Lee (바이럴 심사관): 72/100

**채점 항목별:**
- 50% 혐오 테스트 통과: 18/25 (남성 혐오 각도가 있지만, 실제 대상층 여성만 공감하므로 "절반이 싫어할 각도"는 약함)
- 공유 유발 요소: 22/25 (저장/공유 강하게 유발, 마지막 CTA 명확함)
- 논란 각도와 브랜드 DNA 일치: 16/25 (연애 조언인데 브랜드 정체성 불명확, 일반적 감정 포스트)
- 훅의 스크롤 정지력: 16/25 (제목은 좋지만 본문 첫 문장이 "자기 감정 먼저인 남자"로 추상적)

**감점:**
- 브랜드 보이스 약함 (-8점): 누구의 관점인지, 왜 이 주제를 말하는지 동기 부재
- 예측 가능한 결말 (-4점): "저장해, 공유해" 클리셰

---

### 타깃 유저 (독자 심사관): 74/100

**채점 항목별:**
- "내 얘기인가?": 21/25 (연애 중인 여자 타깃은 명확하나, 상황이 너무 교과서적 / 실제 미묘한 신호들은 빠짐)
- 저장하고 싶은가?: 19/25 (체크리스트 형식은 저장 가치 있지만, 해결책이 없음 — "알았으니 어떻게 하지?"의 허전함)
- 댓글 달고 싶은가?: 18/25 (공감은 하지만 의견 개입 여지가 적음 — 이미 답이 정해짐)
- 읽기 편한가?: 20/25 (길이 적절, 줄바꿈 좋지만 구체적 상황 부족으로 몰입도 낮음)

**감점:**
- 너무 일반화된 패턴 (-4점): 개인차 반영 부족, 모든 여자에게 해당하지 않음

---

### 편집장 (품질 심사관): 82/100

**채점 항목별:**
- AI slop 패턴 체크: 22/25
  
  **적발된 패턴:**
  - 패턴 #5 "모호한 귀속" (약함): 없음 ✓
  - 패턴 #11 "불필요한 유의어 순환" (약함): "자기 감정 먼저" vs "본인 기분" 약간의 중복
  - 패턴 #21 "필러 표현": "사실은"이 첫 댓글에 있음 (-2점)
  - 전반적으로 AI 냄새는 적음 (자연스러운 한국어) ✓

- 자연스러운 한국어 문체: 24/25 (매우 자연스러운 구어체, 친구가 쓴 느


--- AUDIT AT 2026-04-07T17:59:17.966Z ---
# 심사 결과 요약
**평균 점수: 62점**
**합격 여부: FAIL**

---

## 상세 심사

### Roy Lee (바이럴 심사관): 55/100

**세부 채점:**
- 50% 혐오 테스트 통과: 15/25 (연애 패턴 분류가 다소 스테레오타입적이지만, 강한 반발 각도는 약함)
- 공유 유발 요소: 18/25 (저장 권유와 "패턴 반복" 주제는 공유 가능하나, 댓글 유발이 약함)
- 논란 각도 × 브랜드 DNA: 12/25 (연애 조언이지만, 브랜드 보이스가 모호함. 단순 재미 넘어 주관적 주장 부족)
- 훅 강도: 10/25 (첫 문장 "너 연애운 분석하는 법"은 평이함. "3단계"는 예측 가능한 구조)

**감점:**
- 예측 가능한 결말 구조: -15점 (숫자놀이 → 패턴 해석 → 저장하라는 결말이 뻔함)
- "모두를 위한" 메시지: -5점 (1~9번 모두에게 설명)

---

### 타깃 유저 (독자 심사관): 68/100

**세부 채점:**
- "내 얘기인가?": 20/25 (연애 관심층에게 구체적이나, 생년월일 기반 분석은 개인화 약함)
- 저장하고 싶은가?: 22/25 (실제로 실행 가능하고 나중에 꺼낼 만함. 참고용 가치 있음)
- 댓글 달고 싶은가?: 15/25 (첫 댓글이 좋은 예시이지만, 본문만으로는 의견 표명 욕구 약함)
- 읽기 편한가?: 18/25 (줄바꿈 적절, 길이 양호이나 형식이 단조로움)

**감점:**
- 타깃의 감정을 깊이 있게 건드리지 못함: -9점

---

### 편집장 (품질 심사관): 63/100

**세부 채점:**
- AI slop 패턴 검사: 15/25

  **적발된 패턴:**
  - 패턴 #9: "너 패턴이 또 반복될 걸?" (부정 병렬 구조의 약한 형태)
  - 패턴 #11: "연애 패턴" 반복 (같은 개념 순환)
  - 패턴 #3: "-ing형 수식어" ("꺼내봐" 전후 구조는 약하지만 흐름이 딱딱함)
  - 패턴 #21: "근데 진짜" (필러 표현, 댓글에서)

- 자연스러운 한국어 문체: 18/25 (구어체 시도하나, 숫자 설명 부분이 기계적)
- 브랜드 금지 표현: 20/25 (금지 어휘는 없으나 "운세"라는 표현이 모호


--- AUDIT AT 2026-04-07T20:03:09.411Z ---
# 【심사 결과 요약】
**평균 점수:** 78점
**합격 여부:** FAIL

---

## 상세 채점

### Roy Lee (바이럴 심사관): 72/100

**채점 내역:**
- 50% 혐오 테스트 통과: 18/25점
  - "망치는 사람 vs 사는 사람" 구도는 분열 가능하지만, 약함. 더 강한 대비 필요.
- 공유 유발 요소: 20/25점
  - 저장 욕구는 중간~상 (자기 체크리스트화), 댓글 충동은 약함
- 논란 각도 vs 브랜드 DNA 일치: 16/25점
  - 브랜드가 "자기계발/연애조언" 톤으로 보이는데, 다소 일반적이고 예측 가능
- 훅 강도: 18/25점
  - 제목은 나쁘지 않지만, 첫 줄이 "말 vs 행동" 비율로 시작 → 이미 누가 많이 쓴 각도

**감점:**
- 예측 가능한 결말 (-15점): "3개월이면 달라져"는 클리셰

---

### 타깃 유저 (독자 심사관): 76/100

**채점 내역:**
- "내 얘기인가?": 22/25점
  - 구체적인 상황 건드림 (SNS 자존감, 점 봄, 타이밍 기다림) 
  - 다만 "연애 안 되는 모든 사람"을 대상 → 너무 광범위 (-3점)
- 저장하고 싶은가?: 20/25점
  - 3가지 체크리스트 형식은 저장 가치 있음
  - 하지만 "3개월이면 달라진다"는 근거 없는 보장이 신뢰도 떨어뜨림
- 댓글 달고 싶은가?: 17/25점
  - "내가 이 항목 중 어디 걸려있나?" 유도하지만, 약한 편
  - 댓글로 보류/반박할 여지 적음
- 읽기 편한가?: 17/25점
  - 길이는 적당 (7줄)
  - 하지만 번호 다음에 굵게(**말 vs 행동 비율**)로 시작하는 구조가 기계적
  - 이모지 1️⃣2️⃣3️⃣의 기계적 강조 (-5점)

**감점:** 이모지 장식 패턴 감지 (-2점)

---

### 편집장 (품질 심사관): 82/100

**AI Slop 패턴 검사:**

| # | 패턴명 | 판정 | 증거 |
|-|-|-|-|
| 7 | AI 어휘 군집 | ⚠️ 경고 | "기준 설정", "타이밍 읽기" = 대리동사 냄새 |
| 8 | 대리동사 사용 | ✅ 감지 | "기준 설정" (→ "기준을 세워") |
| 13 | 대시 남용 | ✅ 감지 | 댓
